[ 50%] [32mBuilding CXX object CMakeFiles/arduino_arm_system.dir/src/arduino_arm_system.cpp.o[0m
[01m[K/home/saber/robox_ws/src/arduino_arm_hardware_interface/src/arduino_arm_system.cpp:[m[K In member function â€˜[01m[Kvirtual hardware_interface::CallbackReturn arduino_arm_hardware_interface::ArduinoArmSystem::[01;32m[Kon_configure[m[K(const rclcpp_lifecycle::State&)[m[Kâ€™:
[01m[K/home/saber/robox_ws/src/arduino_arm_hardware_interface/src/arduino_arm_system.cpp:26:40:[m[K [01;31m[Kerror: [m[Kâ€˜[01m[KBAUD_57600[m[Kâ€™ is not a member of â€˜[01m[KLibSerial::SerialStreamBuf[m[Kâ€™
   26 |   serial_.SetBaudRate(SerialStreamBuf::[01;31m[KBAUD_57600[m[K);
      |                                        [01;31m[K^~~~~~~~~~[m[K
[01m[K/home/saber/robox_ws/src/arduino_arm_hardware_interface/src/arduino_arm_system.cpp:[m[K In member function â€˜[01m[Kvirtual hardware_interface::return_type arduino_arm_hardware_interface::ArduinoArmSystem::[01;32m[Kwrite[m[K(const rclcpp::Time&, const rclcpp::Duration&)[m[Kâ€™:
[01m[K/home/saber/robox_ws/src/arduino_arm_hardware_interface/src/arduino_arm_system.cpp:65:11:[m[K [01;31m[Kerror: [m[Kâ€˜[01m[Kclass LibSerial::SerialStream[m[Kâ€™ has no member named â€˜[01m[KFlush[m[Kâ€™; did you mean â€˜[01m[Kflush[m[Kâ€™?
   65 |   serial_.[01;31m[KFlush[m[K();
      |           [01;31m[K^~~~~[m[K
      |           [32m[Kflush[m[K
gmake[2]: *** [CMakeFiles/arduino_arm_system.dir/build.make:76: CMakeFiles/arduino_arm_system.dir/src/arduino_arm_system.cpp.o] Error 1
gmake[1]: *** [CMakeFiles/Makefile2:137: CMakeFiles/arduino_arm_system.dir/all] Error 2
gmake: *** [Makefile:146: all] Error 2
