[01m[K/home/saber/robox_ws/src/arm_description/src/pose.cpp:[m[K In function â€˜[01m[Kint[01;32m[K main[m[K(int, char**)[m[Kâ€™:
[01m[K/home/saber/robox_ws/src/arm_description/src/pose.cpp:73:23:[m[K [01;31m[Kerror: [m[Kâ€˜[01m[KTry[m[Kâ€™ was not declared in this scope
   73 |          Alternative: [01;31m[KTry[m[K joint space planning first
      |                       [01;31m[K^~~[m[K
[01m[K/home/saber/robox_ws/src/arm_description/src/pose.cpp:76:10:[m[K [01;31m[Kerror: [m[Kâ€˜[01m[KDefine[m[Kâ€™ was not declared in this scope
   76 |          [01;31m[KDefine[m[K a simple home position
      |          [01;31m[K^~~~~~[m[K
[01m[K/home/saber/robox_ws/src/arm_description/src/pose.cpp:78:41:[m[K [01;31m[Kerror: [m[Kâ€˜[01m[Kjoint_target[m[Kâ€™ was not declared in this scope
   78 |         move_group->setJointValueTarget([01;31m[Kjoint_target[m[K);
      |                                         [01;31m[K^~~~~~~~~~~~[m[K
[01m[K/home/saber/robox_ws/src/arm_description/src/pose.cpp:80:10:[m[K [01;31m[Kerror: [m[Kâ€˜[01m[KPlan[m[Kâ€™ was not declared in this scope
   80 |          [01;31m[KPlan[m[K joint space movement
      |          [01;31m[K^~~~[m[K
[01m[K/home/saber/robox_ws/src/arm_description/src/pose.cpp:84:51:[m[K [01;31m[Kerror: [m[Kâ€˜[01m[Kjoint_plan[m[Kâ€™ was not declared in this scope
   84 |         auto joint_plan_result = move_group->plan([01;31m[Kjoint_plan[m[K);
      |                                                   [01;31m[K^~~~~~~~~~[m[K
[01m[K/home/saber/robox_ws/src/arm_description/src/pose.cpp:73:10:[m[K [01;35m[Kwarning: [m[Klabel â€˜[01m[KAlternative[m[Kâ€™ defined but not used [[01;35m[K]8;;https://gcc.gnu.org/onlinedocs/gcc/Warning-Options.html#index-Wunused-label-Wunused-label]8;;[m[K]
   73 |          [01;35m[KAlternative[m[K: Try joint space planning first
      |          [01;35m[K^~~~~~~~~~~[m[K
gmake[2]: *** [CMakeFiles/robot_arm_ik_node.dir/build.make:79: CMakeFiles/robot_arm_ik_node.dir/src/pose.cpp.o] Error 1
gmake[1]: *** [CMakeFiles/Makefile2:629: CMakeFiles/robot_arm_ik_node.dir/all] Error 2
gmake: *** [Makefile:149: all] Error 2
