[0.046s] Invoking command in '/home/saber/robox_ws/build/arm_description': AMENT_PREFIX_PATH=/home/saber/robox_ws/install/moveit_configs_utils:/home/saber/robox_ws/install/arduinobot_py_examples:/home/saber/robox_ws/install/robotic_arm_moveit_config:/home/saber/robox_ws/install/pilz_industrial_motion_planner_testutils:/home/saber/robox_ws/install/moveit_runtime:/home/saber/robox_ws/install/moveit:/home/saber/robox_ws/install/moveit_planners:/home/saber/robox_ws/install/pilz_industrial_motion_planner:/home/saber/robox_ws/install/moveit_ros_control_interface:/home/saber/robox_ws/install/moveit_plugins:/home/saber/robox_ws/install/moveit_simple_controller_manager:/home/saber/robox_ws/install/moveit_setup_assistant:/home/saber/robox_ws/install/moveit_setup_srdf_plugins:/home/saber/robox_ws/install/moveit_setup_core_plugins:/home/saber/robox_ws/install/moveit_setup_controllers:/home/saber/robox_ws/install/moveit_setup_app_plugins:/home/saber/robox_ws/install/moveit_setup_framework:/home/saber/robox_ws/install/moveit_servo:/home/saber/robox_ws/install/moveit_ros_trajectory_cache:/home/saber/robox_ws/install/moveit_ros:/home/saber/robox_ws/install/arm_description:/home/saber/robox_ws/install/moveit_ros_visualization:/home/saber/robox_ws/install/moveit_py:/home/saber/robox_ws/install/moveit_hybrid_planning:/home/saber/robox_ws/install/moveit_ros_planning_interface:/home/saber/robox_ws/install/moveit_ros_benchmarks:/home/saber/robox_ws/install/moveit_ros_warehouse:/home/saber/robox_ws/install/moveit_ros_robot_interaction:/home/saber/robox_ws/install/moveit_ros_perception:/home/saber/robox_ws/install/moveit_resources_prbt_pg70_support:/home/saber/robox_ws/install/moveit_resources_prbt_moveit_config:/home/saber/robox_ws/install/moveit_ros_move_group:/home/saber/robox_ws/install/moveit_planners_ompl:/home/saber/robox_ws/install/moveit_kinematics:/home/saber/robox_ws/install/moveit_ros_planning:/home/saber/robox_ws/install/moveit_ros_occupancy_map_monitor:/home/saber/robox_ws/install/moveit_resources_prbt_support:/home/saber/robox_ws/install/moveit_resources_prbt_ikfast_manipulator_plugin:/home/saber/robox_ws/install/moveit_planners_stomp:/home/saber/robox_ws/install/moveit_planners_chomp:/home/saber/robox_ws/install/chomp_motion_planner:/home/saber/robox_ws/install/moveit_core:/home/saber/robox_ws/install/moveit_common:/home/saber/robox_ws/install/arm_moveit:/home/saber/arduinobot_ws/install/controller:/home/saber/arduinobot_ws/install/arm_description:/home/saber/arduinobot_ws/install/arduinobot_py_examples:/home/saber/arduinobot_ws/install/arduinobot_cpp_examples:/opt/ros/jazzy CMAKE_PREFIX_PATH=/home/saber/robox_ws/install/moveit_ros_visualization:/home/saber/robox_ws/install/moveit_ros_planning_interface:/home/saber/robox_ws/install/moveit_ros_move_group:/home/saber/robox_ws/install/moveit_ros_warehouse:/home/saber/robox_ws/install/moveit_ros_robot_interaction:/home/saber/robox_ws/install/moveit_kinematics:/home/saber/robox_ws/install/moveit_ros_planning:/home/saber/robox_ws/install/moveit_simple_controller_manager:/home/saber/robox_ws/install/moveit_ros_occupancy_map_monitor:/home/saber/robox_ws/install/moveit_core:/home/saber/robox_ws/install/moveit_common:/home/saber/robox_ws/install/robotic_arm_moveit_config:/home/saber/robox_ws/install/pilz_industrial_motion_planner_testutils:/home/saber/robox_ws/install/moveit_runtime:/home/saber/robox_ws/install/moveit:/home/saber/robox_ws/install/moveit_planners:/home/saber/robox_ws/install/pilz_industrial_motion_planner:/home/saber/robox_ws/install/moveit_ros_control_interface:/home/saber/robox_ws/install/moveit_plugins:/home/saber/robox_ws/install/moveit_setup_assistant:/home/saber/robox_ws/install/moveit_setup_srdf_plugins:/home/saber/robox_ws/install/moveit_setup_core_plugins:/home/saber/robox_ws/install/moveit_setup_controllers:/home/saber/robox_ws/install/moveit_setup_app_plugins:/home/saber/robox_ws/install/moveit_setup_framework:/home/saber/robox_ws/install/moveit_servo:/home/saber/robox_ws/install/moveit_ros_trajectory_cache:/home/saber/robox_ws/install/moveit_ros:/home/saber/robox_ws/install/arm_description:/home/saber/robox_ws/install/moveit_py:/home/saber/robox_ws/install/moveit_hybrid_planning:/home/saber/robox_ws/install/moveit_ros_benchmarks:/home/saber/robox_ws/install/moveit_ros_perception:/home/saber/robox_ws/install/moveit_resources_prbt_pg70_support:/home/saber/robox_ws/install/moveit_resources_prbt_moveit_config:/home/saber/robox_ws/install/moveit_planners_ompl:/home/saber/robox_ws/install/moveit_resources_prbt_support:/home/saber/robox_ws/install/moveit_resources_prbt_ikfast_manipulator_plugin:/home/saber/robox_ws/install/moveit_planners_stomp:/home/saber/robox_ws/install/moveit_planners_chomp:/home/saber/robox_ws/install/chomp_motion_planner:/home/saber/robox_ws/install/arm_moveit:/home/saber/arduinobot_ws/install/controller:/home/saber/arduinobot_ws/install/arm_description:/home/saber/arduinobot_ws/install/arduinobot_cpp_examples:/opt/ros/jazzy/opt/gz_sim_vendor:/opt/ros/jazzy/opt/gz_sensors_vendor:/opt/ros/jazzy/opt/gz_physics_vendor:/opt/ros/jazzy/opt/sdformat_vendor:/opt/ros/jazzy/opt/gz_gui_vendor:/opt/ros/jazzy/opt/gz_transport_vendor:/opt/ros/jazzy/opt/gz_rendering_vendor:/opt/ros/jazzy/opt/gz_plugin_vendor:/opt/ros/jazzy/opt/gz_fuel_tools_vendor:/opt/ros/jazzy/opt/gz_msgs_vendor:/opt/ros/jazzy/opt/gz_common_vendor:/opt/ros/jazzy/opt/gz_math_vendor:/opt/ros/jazzy/opt/gz_utils_vendor:/opt/ros/jazzy/opt/gz_tools_vendor:/opt/ros/jazzy/opt/gz_ogre_next_vendor:/opt/ros/jazzy/opt/gz_dartsim_vendor:/opt/ros/jazzy/opt/gz_cmake_vendor:/home/saber/robox_ws/install/arduinobot_py_examples:/home/saber/robox_ws/install/moveit_configs_utils:/home/saber/arduinobot_ws/install/arduinobot_py_examples:/opt/ros/jazzy DEBUGINFOD_URLS=https://debuginfod.ubuntu.com LD_LIBRARY_PATH=/home/saber/robox_ws/install/moveit_ros_visualization/lib:/home/saber/robox_ws/install/moveit_ros_planning_interface/lib:/home/saber/robox_ws/install/moveit_ros_move_group/lib:/home/saber/robox_ws/install/moveit_ros_warehouse/lib:/home/saber/robox_ws/install/moveit_ros_robot_interaction/lib:/home/saber/robox_ws/install/moveit_kinematics/lib:/home/saber/robox_ws/install/moveit_ros_planning/lib:/home/saber/robox_ws/install/moveit_simple_controller_manager/lib:/home/saber/robox_ws/install/moveit_ros_occupancy_map_monitor/lib:/home/saber/robox_ws/install/moveit_core/lib:/home/saber/robox_ws/install/pilz_industrial_motion_planner_testutils/lib:/home/saber/robox_ws/install/pilz_industrial_motion_planner/lib:/home/saber/robox_ws/install/moveit_ros_control_interface/lib:/home/saber/robox_ws/install/moveit_setup_assistant/lib:/home/saber/robox_ws/install/moveit_setup_srdf_plugins/lib:/home/saber/robox_ws/install/moveit_setup_core_plugins/lib:/home/saber/robox_ws/install/moveit_setup_controllers/lib:/home/saber/robox_ws/install/moveit_setup_app_plugins/lib:/home/saber/robox_ws/install/moveit_setup_framework/lib:/home/saber/robox_ws/install/moveit_servo/lib:/home/saber/robox_ws/install/moveit_ros_trajectory_cache/lib:/home/saber/robox_ws/install/arm_description/lib:/home/saber/robox_ws/install/moveit_py/lib:/home/saber/robox_ws/install/moveit_hybrid_planning/lib:/home/saber/robox_ws/install/moveit_ros_benchmarks/lib:/home/saber/robox_ws/install/moveit_ros_perception/lib:/home/saber/robox_ws/install/moveit_planners_ompl/lib:/home/saber/robox_ws/install/moveit_resources_prbt_ikfast_manipulator_plugin/lib:/home/saber/robox_ws/install/moveit_planners_stomp/lib:/home/saber/robox_ws/install/moveit_planners_chomp/lib:/home/saber/robox_ws/install/chomp_motion_planner/lib:/opt/ros/jazzy/opt/gz_sim_vendor/lib:/opt/ros/jazzy/opt/gz_sensors_vendor/lib:/opt/ros/jazzy/opt/gz_physics_vendor/lib:/opt/ros/jazzy/opt/sdformat_vendor/lib:/opt/ros/jazzy/opt/rviz_ogre_vendor/lib:/opt/ros/jazzy/lib/x86_64-linux-gnu:/opt/ros/jazzy/opt/gz_gui_vendor/lib:/opt/ros/jazzy/opt/gz_transport_vendor/lib:/opt/ros/jazzy/opt/gz_rendering_vendor/lib:/opt/ros/jazzy/opt/gz_plugin_vendor/lib:/opt/ros/jazzy/opt/gz_fuel_tools_vendor/lib:/opt/ros/jazzy/opt/gz_msgs_vendor/lib:/opt/ros/jazzy/opt/gz_common_vendor/lib:/opt/ros/jazzy/opt/gz_math_vendor/lib:/opt/ros/jazzy/opt/gz_utils_vendor/lib:/opt/ros/jazzy/opt/gz_tools_vendor/lib:/opt/ros/jazzy/opt/gz_ogre_next_vendor/lib:/opt/ros/jazzy/opt/gz_dartsim_vendor/lib:/opt/ros/jazzy/opt/gz_cmake_vendor/lib:/opt/ros/jazzy/lib PYTHONPATH=/home/saber/robox_ws/install/moveit_configs_utils/lib/python3.12/site-packages:/home/saber/robox_ws/install/arduinobot_py_examples/lib/python3.12/site-packages:/home/saber/robox_ws/install/arm_description/lib/python3.12/site-packages:/home/saber/robox_ws/install/moveit_py/lib/python3.12/site-packages:/home/saber/arduinobot_ws/install/arduinobot_py_examples/lib/python3.12/site-packages:/opt/ros/jazzy/lib/python3.12/site-packages /usr/bin/cmake --build /home/saber/robox_ws/build/arm_description -- -j16 -l16
[0.062s] /usr/bin/cmake -S/home/saber/robox_ws/src/arm_description -B/home/saber/robox_ws/build/arm_description --check-build-system CMakeFiles/Makefile.cmake 0
[0.084s] /usr/bin/cmake -E cmake_progress_start /home/saber/robox_ws/build/arm_description/CMakeFiles /home/saber/robox_ws/build/arm_description//CMakeFiles/progress.marks
[0.097s] /usr/bin/gmake  -f CMakeFiles/Makefile2 all
[0.098s] gmake[1]: Entering directory '/home/saber/robox_ws/build/arm_description'
[0.098s] /usr/bin/gmake  -f CMakeFiles/arm_description__rosidl_generator_type_description.dir/build.make CMakeFiles/arm_description__rosidl_generator_type_description.dir/depend
[0.099s] /usr/bin/gmake  -f CMakeFiles/ament_cmake_python_symlink_arm_description.dir/build.make CMakeFiles/ament_cmake_python_symlink_arm_description.dir/depend
[0.099s] gmake[2]: Entering directory '/home/saber/robox_ws/build/arm_description'
[0.100s] cd /home/saber/robox_ws/build/arm_description && /usr/bin/cmake -E cmake_depends "Unix Makefiles" /home/saber/robox_ws/src/arm_description /home/saber/robox_ws/src/arm_description /home/saber/robox_ws/build/arm_description /home/saber/robox_ws/build/arm_description /home/saber/robox_ws/build/arm_description/CMakeFiles/arm_description__rosidl_generator_type_description.dir/DependInfo.cmake "--color="
[0.100s] gmake[2]: Entering directory '/home/saber/robox_ws/build/arm_description'
[0.100s] cd /home/saber/robox_ws/build/arm_description && /usr/bin/cmake -E cmake_depends "Unix Makefiles" /home/saber/robox_ws/src/arm_description /home/saber/robox_ws/src/arm_description /home/saber/robox_ws/build/arm_description /home/saber/robox_ws/build/arm_description /home/saber/robox_ws/build/arm_description/CMakeFiles/ament_cmake_python_symlink_arm_description.dir/DependInfo.cmake "--color="
[0.115s] gmake[2]: Leaving directory '/home/saber/robox_ws/build/arm_description'
[0.115s] gmake[2]: Leaving directory '/home/saber/robox_ws/build/arm_description'
[0.115s] /usr/bin/gmake  -f CMakeFiles/arm_description__rosidl_generator_type_description.dir/build.make CMakeFiles/arm_description__rosidl_generator_type_description.dir/build
[0.116s] /usr/bin/gmake  -f CMakeFiles/ament_cmake_python_symlink_arm_description.dir/build.make CMakeFiles/ament_cmake_python_symlink_arm_description.dir/build
[0.116s] gmake[2]: Entering directory '/home/saber/robox_ws/build/arm_description'
[0.117s] gmake[2]: Nothing to be done for 'CMakeFiles/arm_description__rosidl_generator_type_description.dir/build'.
[0.117s] gmake[2]: Leaving directory '/home/saber/robox_ws/build/arm_description'
[0.117s] gmake[2]: Entering directory '/home/saber/robox_ws/build/arm_description'
[0.117s] /usr/bin/cmake -E create_symlink /home/saber/robox_ws/build/arm_description/rosidl_generator_py/arm_description /home/saber/robox_ws/build/arm_description/ament_cmake_python/arm_description/arm_description
[0.132s] [  2%] Built target arm_description__rosidl_generator_type_description
[0.134s] gmake[2]: Leaving directory '/home/saber/robox_ws/build/arm_description'
[0.137s] /usr/bin/gmake  -f CMakeFiles/arm_description__cpp.dir/build.make CMakeFiles/arm_description__cpp.dir/depend
[0.137s] /usr/bin/gmake  -f CMakeFiles/arm_description__rosidl_generator_c.dir/build.make CMakeFiles/arm_description__rosidl_generator_c.dir/depend
[0.141s] gmake[2]: Entering directory '/home/saber/robox_ws/build/arm_description'
[0.141s] cd /home/saber/robox_ws/build/arm_description && /usr/bin/cmake -E cmake_depends "Unix Makefiles" /home/saber/robox_ws/src/arm_description /home/saber/robox_ws/src/arm_description /home/saber/robox_ws/build/arm_description /home/saber/robox_ws/build/arm_description /home/saber/robox_ws/build/arm_description/CMakeFiles/arm_description__cpp.dir/DependInfo.cmake "--color="
[0.141s] gmake[2]: Entering directory '/home/saber/robox_ws/build/arm_description'
[0.141s] cd /home/saber/robox_ws/build/arm_description && /usr/bin/cmake -E cmake_depends "Unix Makefiles" /home/saber/robox_ws/src/arm_description /home/saber/robox_ws/src/arm_description /home/saber/robox_ws/build/arm_description /home/saber/robox_ws/build/arm_description /home/saber/robox_ws/build/arm_description/CMakeFiles/arm_description__rosidl_generator_c.dir/DependInfo.cmake "--color="
[0.157s] [  2%] Built target ament_cmake_python_symlink_arm_description
[0.159s] /usr/bin/gmake  -f CMakeFiles/ament_cmake_python_build_arm_description_egg.dir/build.make CMakeFiles/ament_cmake_python_build_arm_description_egg.dir/depend
[0.160s] gmake[2]: Leaving directory '/home/saber/robox_ws/build/arm_description'
[0.160s] gmake[2]: Leaving directory '/home/saber/robox_ws/build/arm_description'
[0.160s] /usr/bin/gmake  -f CMakeFiles/arm_description__cpp.dir/build.make CMakeFiles/arm_description__cpp.dir/build
[0.161s] /usr/bin/gmake  -f CMakeFiles/arm_description__rosidl_generator_c.dir/build.make CMakeFiles/arm_description__rosidl_generator_c.dir/build
[0.162s] gmake[2]: Entering directory '/home/saber/robox_ws/build/arm_description'
[0.162s] cd /home/saber/robox_ws/build/arm_description && /usr/bin/cmake -E cmake_depends "Unix Makefiles" /home/saber/robox_ws/src/arm_description /home/saber/robox_ws/src/arm_description /home/saber/robox_ws/build/arm_description /home/saber/robox_ws/build/arm_description /home/saber/robox_ws/build/arm_description/CMakeFiles/ament_cmake_python_build_arm_description_egg.dir/DependInfo.cmake "--color="
[0.164s] gmake[2]: Entering directory '/home/saber/robox_ws/build/arm_description'
[0.164s] gmake[2]: Nothing to be done for 'CMakeFiles/arm_description__cpp.dir/build'.
[0.164s] gmake[2]: Leaving directory '/home/saber/robox_ws/build/arm_description'
[0.167s] gmake[2]: Entering directory '/home/saber/robox_ws/build/arm_description'
[0.167s] gmake[2]: Nothing to be done for 'CMakeFiles/arm_description__rosidl_generator_c.dir/build'.
[0.167s] gmake[2]: Leaving directory '/home/saber/robox_ws/build/arm_description'
[0.185s] [ 11%] Built target arm_description__cpp
[0.185s] [ 19%] Built target arm_description__rosidl_generator_c
[0.186s] gmake[2]: Leaving directory '/home/saber/robox_ws/build/arm_description'
[0.186s] /usr/bin/gmake  -f CMakeFiles/arm_description__rosidl_typesupport_cpp.dir/build.make CMakeFiles/arm_description__rosidl_typesupport_cpp.dir/depend
[0.187s] /usr/bin/gmake  -f CMakeFiles/ament_cmake_python_build_arm_description_egg.dir/build.make CMakeFiles/ament_cmake_python_build_arm_description_egg.dir/build
[0.188s] /usr/bin/gmake  -f CMakeFiles/arm_description__rosidl_typesupport_fastrtps_c.dir/build.make CMakeFiles/arm_description__rosidl_typesupport_fastrtps_c.dir/depend
[0.188s] /usr/bin/gmake  -f CMakeFiles/arm_description__rosidl_typesupport_fastrtps_cpp.dir/build.make CMakeFiles/arm_description__rosidl_typesupport_fastrtps_cpp.dir/depend
[0.189s] /usr/bin/gmake  -f CMakeFiles/arm_description__rosidl_typesupport_introspection_c.dir/build.make CMakeFiles/arm_description__rosidl_typesupport_introspection_c.dir/depend
[0.190s] gmake[2]: Entering directory '/home/saber/robox_ws/build/arm_description'
[0.191s] cd /home/saber/robox_ws/build/arm_description/ament_cmake_python/arm_description && /usr/bin/python3 setup.py egg_info
[0.192s] gmake[2]: Entering directory '/home/saber/robox_ws/build/arm_description'
[0.193s] cd /home/saber/robox_ws/build/arm_description && /usr/bin/cmake -E cmake_depends "Unix Makefiles" /home/saber/robox_ws/src/arm_description /home/saber/robox_ws/src/arm_description /home/saber/robox_ws/build/arm_description /home/saber/robox_ws/build/arm_description /home/saber/robox_ws/build/arm_description/CMakeFiles/arm_description__rosidl_typesupport_cpp.dir/DependInfo.cmake "--color="
[0.196s] gmake[2]: Entering directory '/home/saber/robox_ws/build/arm_description'
[0.203s] cd /home/saber/robox_ws/build/arm_description && /usr/bin/cmake -E cmake_depends "Unix Makefiles" /home/saber/robox_ws/src/arm_description /home/saber/robox_ws/src/arm_description /home/saber/robox_ws/build/arm_description /home/saber/robox_ws/build/arm_description /home/saber/robox_ws/build/arm_description/CMakeFiles/arm_description__rosidl_typesupport_fastrtps_c.dir/DependInfo.cmake "--color="
[0.208s] /usr/bin/gmake  -f CMakeFiles/arm_description__rosidl_typesupport_c.dir/build.make CMakeFiles/arm_description__rosidl_typesupport_c.dir/depend
[0.208s] /usr/bin/gmake  -f CMakeFiles/arm_description__rosidl_typesupport_introspection_cpp.dir/build.make CMakeFiles/arm_description__rosidl_typesupport_introspection_cpp.dir/depend
[0.208s] gmake[2]: Entering directory '/home/saber/robox_ws/build/arm_description'
[0.208s] cd /home/saber/robox_ws/build/arm_description && /usr/bin/cmake -E cmake_depends "Unix Makefiles" /home/saber/robox_ws/src/arm_description /home/saber/robox_ws/src/arm_description /home/saber/robox_ws/build/arm_description /home/saber/robox_ws/build/arm_description /home/saber/robox_ws/build/arm_description/CMakeFiles/arm_description__rosidl_typesupport_fastrtps_cpp.dir/DependInfo.cmake "--color="
[0.208s] gmake[2]: Entering directory '/home/saber/robox_ws/build/arm_description'
[0.208s] cd /home/saber/robox_ws/build/arm_description && /usr/bin/cmake -E cmake_depends "Unix Makefiles" /home/saber/robox_ws/src/arm_description /home/saber/robox_ws/src/arm_description /home/saber/robox_ws/build/arm_description /home/saber/robox_ws/build/arm_description /home/saber/robox_ws/build/arm_description/CMakeFiles/arm_description__rosidl_typesupport_introspection_c.dir/DependInfo.cmake "--color="
[0.208s] gmake[2]: Entering directory '/home/saber/robox_ws/build/arm_description'
[0.208s] cd /home/saber/robox_ws/build/arm_description && /usr/bin/cmake -E cmake_depends "Unix Makefiles" /home/saber/robox_ws/src/arm_description /home/saber/robox_ws/src/arm_description /home/saber/robox_ws/build/arm_description /home/saber/robox_ws/build/arm_description /home/saber/robox_ws/build/arm_description/CMakeFiles/arm_description__rosidl_typesupport_c.dir/DependInfo.cmake "--color="
[0.215s] gmake[2]: Entering directory '/home/saber/robox_ws/build/arm_description'
[0.216s] cd /home/saber/robox_ws/build/arm_description && /usr/bin/cmake -E cmake_depends "Unix Makefiles" /home/saber/robox_ws/src/arm_description /home/saber/robox_ws/src/arm_description /home/saber/robox_ws/build/arm_description /home/saber/robox_ws/build/arm_description /home/saber/robox_ws/build/arm_description/CMakeFiles/arm_description__rosidl_typesupport_introspection_cpp.dir/DependInfo.cmake "--color="
[0.219s] gmake[2]: Leaving directory '/home/saber/robox_ws/build/arm_description'
[0.219s] /usr/bin/gmake  -f CMakeFiles/arm_description__rosidl_typesupport_cpp.dir/build.make CMakeFiles/arm_description__rosidl_typesupport_cpp.dir/build
[0.221s] gmake[2]: Leaving directory '/home/saber/robox_ws/build/arm_description'
[0.221s] /usr/bin/gmake  -f CMakeFiles/arm_description__rosidl_typesupport_fastrtps_cpp.dir/build.make CMakeFiles/arm_description__rosidl_typesupport_fastrtps_cpp.dir/build
[0.221s] gmake[2]: Leaving directory '/home/saber/robox_ws/build/arm_description'
[0.221s] gmake[2]: Leaving directory '/home/saber/robox_ws/build/arm_description'
[0.221s] /usr/bin/gmake  -f CMakeFiles/arm_description__rosidl_typesupport_fastrtps_c.dir/build.make CMakeFiles/arm_description__rosidl_typesupport_fastrtps_c.dir/build
[0.224s] /usr/bin/gmake  -f CMakeFiles/arm_description__rosidl_typesupport_introspection_cpp.dir/build.make CMakeFiles/arm_description__rosidl_typesupport_introspection_cpp.dir/build
[0.225s] gmake[2]: Entering directory '/home/saber/robox_ws/build/arm_description'
[0.225s] gmake[2]: Nothing to be done for 'CMakeFiles/arm_description__rosidl_typesupport_cpp.dir/build'.
[0.226s] gmake[2]: Leaving directory '/home/saber/robox_ws/build/arm_description'
[0.226s] gmake[2]: Leaving directory '/home/saber/robox_ws/build/arm_description'
[0.226s] /usr/bin/gmake  -f CMakeFiles/arm_description__rosidl_typesupport_introspection_c.dir/build.make CMakeFiles/arm_description__rosidl_typesupport_introspection_c.dir/build
[0.227s] gmake[2]: Entering directory '/home/saber/robox_ws/build/arm_description'
[0.227s] gmake[2]: Nothing to be done for 'CMakeFiles/arm_description__rosidl_typesupport_fastrtps_cpp.dir/build'.
[0.227s] gmake[2]: Leaving directory '/home/saber/robox_ws/build/arm_description'
[0.227s] gmake[2]: Entering directory '/home/saber/robox_ws/build/arm_description'
[0.227s] gmake[2]: Nothing to be done for 'CMakeFiles/arm_description__rosidl_typesupport_introspection_cpp.dir/build'.
[0.227s] gmake[2]: Leaving directory '/home/saber/robox_ws/build/arm_description'
[0.227s] gmake[2]: Entering directory '/home/saber/robox_ws/build/arm_description'
[0.228s] gmake[2]: Nothing to be done for 'CMakeFiles/arm_description__rosidl_typesupport_fastrtps_c.dir/build'.
[0.228s] gmake[2]: Leaving directory '/home/saber/robox_ws/build/arm_description'
[0.228s] gmake[2]: Leaving directory '/home/saber/robox_ws/build/arm_description'
[0.233s] /usr/bin/gmake  -f CMakeFiles/arm_description__rosidl_typesupport_c.dir/build.make CMakeFiles/arm_description__rosidl_typesupport_c.dir/build
[0.233s] gmake[2]: Entering directory '/home/saber/robox_ws/build/arm_description'
[0.233s] gmake[2]: Nothing to be done for 'CMakeFiles/arm_description__rosidl_typesupport_introspection_c.dir/build'.
[0.233s] gmake[2]: Leaving directory '/home/saber/robox_ws/build/arm_description'
[0.233s] gmake[2]: Entering directory '/home/saber/robox_ws/build/arm_description'
[0.234s] gmake[2]: Nothing to be done for 'CMakeFiles/arm_description__rosidl_typesupport_c.dir/build'.
[0.234s] gmake[2]: Leaving directory '/home/saber/robox_ws/build/arm_description'
[0.254s] [ 47%] Built target arm_description__rosidl_typesupport_introspection_cpp
[0.254s] [ 50%] Built target arm_description__rosidl_typesupport_introspection_c
[0.254s] [ 50%] Built target arm_description__rosidl_typesupport_fastrtps_cpp
[0.254s] [ 52%] Built target arm_description__rosidl_typesupport_fastrtps_c
[0.254s] [ 61%] Built target arm_description__rosidl_typesupport_cpp
[0.257s] [ 69%] Built target arm_description__rosidl_typesupport_c
[0.259s] /usr/bin/gmake  -f CMakeFiles/arm_description.dir/build.make CMakeFiles/arm_description.dir/depend
[0.260s] gmake[2]: Entering directory '/home/saber/robox_ws/build/arm_description'
[0.260s] cd /home/saber/robox_ws/build/arm_description && /usr/bin/cmake -E cmake_depends "Unix Makefiles" /home/saber/robox_ws/src/arm_description /home/saber/robox_ws/src/arm_description /home/saber/robox_ws/build/arm_description /home/saber/robox_ws/build/arm_description /home/saber/robox_ws/build/arm_description/CMakeFiles/arm_description.dir/DependInfo.cmake "--color="
[0.288s] gmake[2]: Leaving directory '/home/saber/robox_ws/build/arm_description'
[0.288s] /usr/bin/gmake  -f CMakeFiles/arm_description.dir/build.make CMakeFiles/arm_description.dir/build
[0.291s] gmake[2]: Entering directory '/home/saber/robox_ws/build/arm_description'
[0.291s] gmake[2]: Nothing to be done for 'CMakeFiles/arm_description.dir/build'.
[0.291s] gmake[2]: Leaving directory '/home/saber/robox_ws/build/arm_description'
[0.313s] [ 69%] Built target arm_description
[0.316s] /usr/bin/gmake  -f /home/saber/robox_ws/build/arm_description/arm_description__py/CMakeFiles/arm_description__py.dir/build.make /home/saber/robox_ws/build/arm_description/arm_description__py/CMakeFiles/arm_description__py.dir/depend
[0.318s] /usr/bin/gmake  -f CMakeFiles/robot_arm_ik_node.dir/build.make CMakeFiles/robot_arm_ik_node.dir/depend
[0.324s] gmake[2]: Entering directory '/home/saber/robox_ws/build/arm_description'
[0.324s] cd /home/saber/robox_ws/build/arm_description && /usr/bin/cmake -E cmake_depends "Unix Makefiles" /home/saber/robox_ws/src/arm_description /home/saber/robox_ws/build/arm_description/arm_description__py /home/saber/robox_ws/build/arm_description /home/saber/robox_ws/build/arm_description/arm_description__py /home/saber/robox_ws/build/arm_description/arm_description__py/CMakeFiles/arm_description__py.dir/DependInfo.cmake "--color="
[0.330s] gmake[2]: Entering directory '/home/saber/robox_ws/build/arm_description'
[0.330s] cd /home/saber/robox_ws/build/arm_description && /usr/bin/cmake -E cmake_depends "Unix Makefiles" /home/saber/robox_ws/src/arm_description /home/saber/robox_ws/src/arm_description /home/saber/robox_ws/build/arm_description /home/saber/robox_ws/build/arm_description /home/saber/robox_ws/build/arm_description/CMakeFiles/robot_arm_ik_node.dir/DependInfo.cmake "--color="
[0.359s] gmake[2]: Leaving directory '/home/saber/robox_ws/build/arm_description'
[0.360s] /usr/bin/gmake  -f /home/saber/robox_ws/build/arm_description/arm_description__py/CMakeFiles/arm_description__py.dir/build.make /home/saber/robox_ws/build/arm_description/arm_description__py/CMakeFiles/arm_description__py.dir/build
[0.366s] gmake[2]: Entering directory '/home/saber/robox_ws/build/arm_description'
[0.366s] gmake[2]: Nothing to be done for '/home/saber/robox_ws/build/arm_description/arm_description__py/CMakeFiles/arm_description__py.dir/build'.
[0.366s] gmake[2]: Leaving directory '/home/saber/robox_ws/build/arm_description'
[0.380s] gmake[2]: Leaving directory '/home/saber/robox_ws/build/arm_description'
[0.380s] /usr/bin/gmake  -f CMakeFiles/robot_arm_ik_node.dir/build.make CMakeFiles/robot_arm_ik_node.dir/build
[0.387s] [ 72%] Built target arm_description__py
[0.390s] /usr/bin/gmake  -f CMakeFiles/arm_description__rosidl_generator_py.dir/build.make CMakeFiles/arm_description__rosidl_generator_py.dir/depend
[0.393s] gmake[2]: Entering directory '/home/saber/robox_ws/build/arm_description'
[0.393s] cd /home/saber/robox_ws/build/arm_description && /usr/bin/cmake -E cmake_depends "Unix Makefiles" /home/saber/robox_ws/src/arm_description /home/saber/robox_ws/src/arm_description /home/saber/robox_ws/build/arm_description /home/saber/robox_ws/build/arm_description /home/saber/robox_ws/build/arm_description/CMakeFiles/arm_description__rosidl_generator_py.dir/DependInfo.cmake "--color="
[0.400s] gmake[2]: Entering directory '/home/saber/robox_ws/build/arm_description'
[0.421s] gmake[2]: Leaving directory '/home/saber/robox_ws/build/arm_description'
[0.421s] /usr/bin/gmake  -f CMakeFiles/arm_description__rosidl_generator_py.dir/build.make CMakeFiles/arm_description__rosidl_generator_py.dir/build
[0.421s] [ 75%] [32mBuilding CXX object CMakeFiles/robot_arm_ik_node.dir/src/pose.cpp.o[0m
[0.423s] /usr/bin/c++ -DBOOST_ATOMIC_DYN_LINK -DBOOST_ATOMIC_NO_LIB -DBOOST_CHRONO_DYN_LINK -DBOOST_CHRONO_NO_LIB -DBOOST_DATE_TIME_DYN_LINK -DBOOST_DATE_TIME_NO_LIB -DBOOST_FILESYSTEM_DYN_LINK -DBOOST_FILESYSTEM_NO_LIB -DBOOST_IOSTREAMS_DYN_LINK -DBOOST_IOSTREAMS_NO_LIB -DBOOST_PROGRAM_OPTIONS_DYN_LINK -DBOOST_PROGRAM_OPTIONS_NO_LIB -DBOOST_REGEX_DYN_LINK -DBOOST_REGEX_NO_LIB -DBOOST_SERIALIZATION_DYN_LINK -DBOOST_SERIALIZATION_NO_LIB -DBOOST_SYSTEM_DYN_LINK -DBOOST_SYSTEM_NO_LIB -DBOOST_THREAD_DYN_LINK -DBOOST_THREAD_NO_LIB -DDEFAULT_RMW_IMPLEMENTATION=rmw_fastrtps_cpp -DFASTCDR_DYN_LINK -DFMT_SHARED -DROS_PACKAGE_NAME=\"arm_description\" -DTINYXML2_IMPORT -D_FILE_OFFSET_BITS=64 -I/home/saber/robox_ws/build/arm_description/rosidl_generator_c -I/home/saber/robox_ws/build/arm_description/rosidl_generator_cpp -isystem /opt/ros/jazzy/include/geometry_msgs -isystem /opt/ros/jazzy/include/rcutils -isystem /opt/ros/jazzy/include/rosidl_runtime_cpp -isystem /opt/ros/jazzy/include/tf2 -isystem /opt/ros/jazzy/include/tf2_ros -isystem /opt/ros/jazzy/include/rcl_interfaces -isystem /opt/ros/jazzy/include/rclcpp_components -isystem /opt/ros/jazzy/include/builtin_interfaces -isystem /opt/ros/jazzy/include/message_filters -isystem /opt/ros/jazzy/include/rclcpp -isystem /opt/ros/jazzy/include/rclcpp_action -isystem /opt/ros/jazzy/include/tf2_msgs -isystem /opt/ros/jazzy/include/tf2_geometry_msgs -isystem /usr/include/eigen3 -isystem /home/saber/robox_ws/install/moveit_ros_planning_interface/include/moveit_ros_planning_interface -isystem /home/saber/robox_ws/install/moveit_core/include/moveit_core -isystem /opt/ros/jazzy/include/moveit_msgs -isystem /opt/ros/jazzy/include/controller_manager_msgs -isystem /usr/include/bullet -isystem /opt/ros/jazzy/include/rosidl_runtime_c -isystem /opt/ros/jazzy/include/rosidl_typesupport_interface -isystem /opt/ros/jazzy/include/fastcdr -isystem /opt/ros/jazzy/include/rosidl_typesupport_fastrtps_cpp -isystem /opt/ros/jazzy/include/rmw -isystem /opt/ros/jazzy/include/rosidl_dynamic_typesupport -isystem /opt/ros/jazzy/include/rosidl_typesupport_fastrtps_c -isystem /opt/ros/jazzy/include/rosidl_typesupport_introspection_c -isystem /opt/ros/jazzy/include/rosidl_typesupport_introspection_cpp -isystem /opt/ros/jazzy/include/libstatistics_collector -isystem /opt/ros/jazzy/include/rcl -isystem /opt/ros/jazzy/include/service_msgs -isystem /opt/ros/jazzy/include/rcl_logging_interface -isystem /opt/ros/jazzy/include/rcl_yaml_param_parser -isystem /opt/ros/jazzy/include/type_description_interfaces -isystem /opt/ros/jazzy/include/rcpputils -isystem /opt/ros/jazzy/include/statistics_msgs -isystem /opt/ros/jazzy/include/rosgraph_msgs -isystem /opt/ros/jazzy/include/rosidl_typesupport_cpp -isystem /opt/ros/jazzy/include/rosidl_typesupport_c -isystem /opt/ros/jazzy/include/tracetools -isystem /opt/ros/jazzy/include/std_msgs -isystem /home/saber/robox_ws/install/moveit_ros_planning/include -isystem /opt/ros/jazzy/include/parameter_traits -isystem /opt/ros/jazzy/include/rsl -isystem /opt/ros/jazzy/include -isystem /opt/ros/jazzy/include/rclcpp_lifecycle -isystem /opt/ros/jazzy/include/lifecycle_msgs -isystem /opt/ros/jazzy/include/rcl_lifecycle -isystem /home/saber/robox_ws/install/moveit_ros_planning/include/moveit_ros_planning -isystem /opt/ros/jazzy/include/eigen_stl_containers -isystem /opt/ros/jazzy/include/pluginlib -isystem /opt/ros/jazzy/include/ament_index_cpp -isystem /opt/ros/jazzy/include/class_loader -isystem /opt/ros/jazzy/include/urdf -isystem /opt/ros/jazzy/include/urdfdom -isystem /opt/ros/jazzy/include/urdfdom_headers -isystem /opt/ros/jazzy/include/srdfdom -isystem /opt/ros/jazzy/include/visualization_msgs -isystem /opt/ros/jazzy/include/sensor_msgs -isystem /opt/ros/jazzy/include/tf2_eigen -isystem /opt/ros/jazzy/include/action_msgs -isystem /opt/ros/jazzy/include/unique_identifier_msgs -isystem /opt/ros/jazzy/include/rcl_action -isystem /opt/ros/jazzy/include/geometric_shapes -isystem /opt/ros/jazzy/include/resource_retriever -isystem /opt/ros/jazzy/include/shape_msgs -isystem /opt/ros/jazzy/include/angles -isystem /opt/ros/jazzy/include/object_recognition_msgs -isystem /opt/ros/jazzy/include/octomap_msgs -isystem /opt/ros/jazzy/include/trajectory_msgs -isystem /opt/ros/jazzy/include/kdl_parser -isystem /home/saber/robox_ws/install/moveit_ros_occupancy_map_monitor/include/moveit_ros_occupancy_map_monitor -isystem /opt/ros/jazzy/include/composition_interfaces -isystem /home/saber/robox_ws/install/moveit_ros_move_group/include/moveit_ros_move_group -isystem /opt/ros/jazzy/include/std_srvs -isystem /home/saber/robox_ws/install/moveit_ros_warehouse/include/moveit_ros_warehouse -O3 -DNDEBUG -Wall -Wextra -Wpedantic -MD -MT CMakeFiles/robot_arm_ik_node.dir/src/pose.cpp.o -MF CMakeFiles/robot_arm_ik_node.dir/src/pose.cpp.o.d -o CMakeFiles/robot_arm_ik_node.dir/src/pose.cpp.o -c /home/saber/robox_ws/src/arm_description/src/pose.cpp
[0.424s] gmake[2]: Entering directory '/home/saber/robox_ws/build/arm_description'
[0.424s] gmake[2]: Nothing to be done for 'CMakeFiles/arm_description__rosidl_generator_py.dir/build'.
[0.425s] gmake[2]: Leaving directory '/home/saber/robox_ws/build/arm_description'
[0.449s] [ 80%] Built target arm_description__rosidl_generator_py
[0.454s] /usr/bin/gmake  -f CMakeFiles/arm_description_s__rosidl_typesupport_fastrtps_c.dir/build.make CMakeFiles/arm_description_s__rosidl_typesupport_fastrtps_c.dir/depend
[0.455s] /usr/bin/gmake  -f CMakeFiles/arm_description_s__rosidl_typesupport_introspection_c.dir/build.make CMakeFiles/arm_description_s__rosidl_typesupport_introspection_c.dir/depend
[0.465s] gmake[2]: Entering directory '/home/saber/robox_ws/build/arm_description'
[0.465s] cd /home/saber/robox_ws/build/arm_description && /usr/bin/cmake -E cmake_depends "Unix Makefiles" /home/saber/robox_ws/src/arm_description /home/saber/robox_ws/src/arm_description /home/saber/robox_ws/build/arm_description /home/saber/robox_ws/build/arm_description /home/saber/robox_ws/build/arm_description/CMakeFiles/arm_description_s__rosidl_typesupport_introspection_c.dir/DependInfo.cmake "--color="
[0.465s] gmake[2]: Entering directory '/home/saber/robox_ws/build/arm_description'
[0.465s] cd /home/saber/robox_ws/build/arm_description && /usr/bin/cmake -E cmake_depends "Unix Makefiles" /home/saber/robox_ws/src/arm_description /home/saber/robox_ws/src/arm_description /home/saber/robox_ws/build/arm_description /home/saber/robox_ws/build/arm_description /home/saber/robox_ws/build/arm_description/CMakeFiles/arm_description_s__rosidl_typesupport_fastrtps_c.dir/DependInfo.cmake "--color="
[0.465s] /usr/bin/gmake  -f CMakeFiles/arm_description_s__rosidl_typesupport_c.dir/build.make CMakeFiles/arm_description_s__rosidl_typesupport_c.dir/depend
[0.465s] gmake[2]: Entering directory '/home/saber/robox_ws/build/arm_description'
[0.465s] cd /home/saber/robox_ws/build/arm_description && /usr/bin/cmake -E cmake_depends "Unix Makefiles" /home/saber/robox_ws/src/arm_description /home/saber/robox_ws/src/arm_description /home/saber/robox_ws/build/arm_description /home/saber/robox_ws/build/arm_description /home/saber/robox_ws/build/arm_description/CMakeFiles/arm_description_s__rosidl_typesupport_c.dir/DependInfo.cmake "--color="
[0.482s] gmake[2]: Leaving directory '/home/saber/robox_ws/build/arm_description'
[0.483s] gmake[2]: Leaving directory '/home/saber/robox_ws/build/arm_description'
[0.484s] /usr/bin/gmake  -f CMakeFiles/arm_description_s__rosidl_typesupport_introspection_c.dir/build.make CMakeFiles/arm_description_s__rosidl_typesupport_introspection_c.dir/build
[0.484s] /usr/bin/gmake  -f CMakeFiles/arm_description_s__rosidl_typesupport_fastrtps_c.dir/build.make CMakeFiles/arm_description_s__rosidl_typesupport_fastrtps_c.dir/build
[0.487s] gmake[2]: Entering directory '/home/saber/robox_ws/build/arm_description'
[0.488s] gmake[2]: Nothing to be done for 'CMakeFiles/arm_description_s__rosidl_typesupport_introspection_c.dir/build'.
[0.489s] gmake[2]: Leaving directory '/home/saber/robox_ws/build/arm_description'
[0.489s] gmake[2]: Entering directory '/home/saber/robox_ws/build/arm_description'
[0.489s] gmake[2]: Leaving directory '/home/saber/robox_ws/build/arm_description'
[0.489s] gmake[2]: Nothing to be done for 'CMakeFiles/arm_description_s__rosidl_typesupport_fastrtps_c.dir/build'.
[0.489s] gmake[2]: Leaving directory '/home/saber/robox_ws/build/arm_description'
[0.490s] /usr/bin/gmake  -f CMakeFiles/arm_description_s__rosidl_typesupport_c.dir/build.make CMakeFiles/arm_description_s__rosidl_typesupport_c.dir/build
[0.491s] gmake[2]: Entering directory '/home/saber/robox_ws/build/arm_description'
[0.492s] gmake[2]: Nothing to be done for 'CMakeFiles/arm_description_s__rosidl_typesupport_c.dir/build'.
[0.492s] gmake[2]: Leaving directory '/home/saber/robox_ws/build/arm_description'
[0.504s] [ 86%] Built target arm_description_s__rosidl_typesupport_introspection_c
[0.510s] [ 91%] Built target arm_description_s__rosidl_typesupport_fastrtps_c
[0.516s] [ 97%] Built target arm_description_s__rosidl_typesupport_c
[0.563s] running egg_info
[0.602s] writing arm_description.egg-info/PKG-INFO
[0.602s] writing dependency_links to arm_description.egg-info/dependency_links.txt
[0.602s] writing top-level names to arm_description.egg-info/top_level.txt
[0.736s] reading manifest file 'arm_description.egg-info/SOURCES.txt'
[0.736s] writing manifest file 'arm_description.egg-info/SOURCES.txt'
[0.856s] gmake[2]: Leaving directory '/home/saber/robox_ws/build/arm_description'
[0.876s] [ 97%] Built target ament_cmake_python_build_arm_description_egg
[5.343s] [01m[K/home/saber/robox_ws/src/arm_description/src/pose.cpp:[m[K In function â€˜[01m[Kint[01;32m[K main[m[K(int, char**)[m[Kâ€™:
[5.343s] [01m[K/home/saber/robox_ws/src/arm_description/src/pose.cpp:73:23:[m[K [01;31m[Kerror: [m[Kâ€˜[01m[KTry[m[Kâ€™ was not declared in this scope
[5.343s]    73 |          Alternative: [01;31m[KTry[m[K joint space planning first
[5.343s]       |                       [01;31m[K^~~[m[K
[5.347s] [01m[K/home/saber/robox_ws/src/arm_description/src/pose.cpp:76:10:[m[K [01;31m[Kerror: [m[Kâ€˜[01m[KDefine[m[Kâ€™ was not declared in this scope
[5.347s]    76 |          [01;31m[KDefine[m[K a simple home position
[5.347s]       |          [01;31m[K^~~~~~[m[K
[5.352s] [01m[K/home/saber/robox_ws/src/arm_description/src/pose.cpp:78:41:[m[K [01;31m[Kerror: [m[Kâ€˜[01m[Kjoint_target[m[Kâ€™ was not declared in this scope
[5.352s]    78 |         move_group->setJointValueTarget([01;31m[Kjoint_target[m[K);
[5.352s]       |                                         [01;31m[K^~~~~~~~~~~~[m[K
[5.356s] [01m[K/home/saber/robox_ws/src/arm_description/src/pose.cpp:80:10:[m[K [01;31m[Kerror: [m[Kâ€˜[01m[KPlan[m[Kâ€™ was not declared in this scope
[5.356s]    80 |          [01;31m[KPlan[m[K joint space movement
[5.356s]       |          [01;31m[K^~~~[m[K
[5.360s] [01m[K/home/saber/robox_ws/src/arm_description/src/pose.cpp:84:51:[m[K [01;31m[Kerror: [m[Kâ€˜[01m[Kjoint_plan[m[Kâ€™ was not declared in this scope
[5.360s]    84 |         auto joint_plan_result = move_group->plan([01;31m[Kjoint_plan[m[K);
[5.360s]       |                                                   [01;31m[K^~~~~~~~~~[m[K
[5.366s] [01m[K/home/saber/robox_ws/src/arm_description/src/pose.cpp:73:10:[m[K [01;35m[Kwarning: [m[Klabel â€˜[01m[KAlternative[m[Kâ€™ defined but not used [[01;35m[K]8;;https://gcc.gnu.org/onlinedocs/gcc/Warning-Options.html#index-Wunused-label-Wunused-label]8;;[m[K]
[5.366s]    73 |          [01;35m[KAlternative[m[K: Try joint space planning first
[5.366s]       |          [01;35m[K^~~~~~~~~~~[m[K
[7.156s] gmake[2]: *** [CMakeFiles/robot_arm_ik_node.dir/build.make:79: CMakeFiles/robot_arm_ik_node.dir/src/pose.cpp.o] Error 1
[7.156s] gmake[2]: Leaving directory '/home/saber/robox_ws/build/arm_description'
[7.156s] gmake[1]: *** [CMakeFiles/Makefile2:629: CMakeFiles/robot_arm_ik_node.dir/all] Error 2
[7.157s] gmake[1]: Leaving directory '/home/saber/robox_ws/build/arm_description'
[7.157s] gmake: *** [Makefile:149: all] Error 2
[7.159s] Invoked command in '/home/saber/robox_ws/build/arm_description' returned '2': AMENT_PREFIX_PATH=/home/saber/robox_ws/install/moveit_configs_utils:/home/saber/robox_ws/install/arduinobot_py_examples:/home/saber/robox_ws/install/robotic_arm_moveit_config:/home/saber/robox_ws/install/pilz_industrial_motion_planner_testutils:/home/saber/robox_ws/install/moveit_runtime:/home/saber/robox_ws/install/moveit:/home/saber/robox_ws/install/moveit_planners:/home/saber/robox_ws/install/pilz_industrial_motion_planner:/home/saber/robox_ws/install/moveit_ros_control_interface:/home/saber/robox_ws/install/moveit_plugins:/home/saber/robox_ws/install/moveit_simple_controller_manager:/home/saber/robox_ws/install/moveit_setup_assistant:/home/saber/robox_ws/install/moveit_setup_srdf_plugins:/home/saber/robox_ws/install/moveit_setup_core_plugins:/home/saber/robox_ws/install/moveit_setup_controllers:/home/saber/robox_ws/install/moveit_setup_app_plugins:/home/saber/robox_ws/install/moveit_setup_framework:/home/saber/robox_ws/install/moveit_servo:/home/saber/robox_ws/install/moveit_ros_trajectory_cache:/home/saber/robox_ws/install/moveit_ros:/home/saber/robox_ws/install/arm_description:/home/saber/robox_ws/install/moveit_ros_visualization:/home/saber/robox_ws/install/moveit_py:/home/saber/robox_ws/install/moveit_hybrid_planning:/home/saber/robox_ws/install/moveit_ros_planning_interface:/home/saber/robox_ws/install/moveit_ros_benchmarks:/home/saber/robox_ws/install/moveit_ros_warehouse:/home/saber/robox_ws/install/moveit_ros_robot_interaction:/home/saber/robox_ws/install/moveit_ros_perception:/home/saber/robox_ws/install/moveit_resources_prbt_pg70_support:/home/saber/robox_ws/install/moveit_resources_prbt_moveit_config:/home/saber/robox_ws/install/moveit_ros_move_group:/home/saber/robox_ws/install/moveit_planners_ompl:/home/saber/robox_ws/install/moveit_kinematics:/home/saber/robox_ws/install/moveit_ros_planning:/home/saber/robox_ws/install/moveit_ros_occupancy_map_monitor:/home/saber/robox_ws/install/moveit_resources_prbt_support:/home/saber/robox_ws/install/moveit_resources_prbt_ikfast_manipulator_plugin:/home/saber/robox_ws/install/moveit_planners_stomp:/home/saber/robox_ws/install/moveit_planners_chomp:/home/saber/robox_ws/install/chomp_motion_planner:/home/saber/robox_ws/install/moveit_core:/home/saber/robox_ws/install/moveit_common:/home/saber/robox_ws/install/arm_moveit:/home/saber/arduinobot_ws/install/controller:/home/saber/arduinobot_ws/install/arm_description:/home/saber/arduinobot_ws/install/arduinobot_py_examples:/home/saber/arduinobot_ws/install/arduinobot_cpp_examples:/opt/ros/jazzy CMAKE_PREFIX_PATH=/home/saber/robox_ws/install/moveit_ros_visualization:/home/saber/robox_ws/install/moveit_ros_planning_interface:/home/saber/robox_ws/install/moveit_ros_move_group:/home/saber/robox_ws/install/moveit_ros_warehouse:/home/saber/robox_ws/install/moveit_ros_robot_interaction:/home/saber/robox_ws/install/moveit_kinematics:/home/saber/robox_ws/install/moveit_ros_planning:/home/saber/robox_ws/install/moveit_simple_controller_manager:/home/saber/robox_ws/install/moveit_ros_occupancy_map_monitor:/home/saber/robox_ws/install/moveit_core:/home/saber/robox_ws/install/moveit_common:/home/saber/robox_ws/install/robotic_arm_moveit_config:/home/saber/robox_ws/install/pilz_industrial_motion_planner_testutils:/home/saber/robox_ws/install/moveit_runtime:/home/saber/robox_ws/install/moveit:/home/saber/robox_ws/install/moveit_planners:/home/saber/robox_ws/install/pilz_industrial_motion_planner:/home/saber/robox_ws/install/moveit_ros_control_interface:/home/saber/robox_ws/install/moveit_plugins:/home/saber/robox_ws/install/moveit_setup_assistant:/home/saber/robox_ws/install/moveit_setup_srdf_plugins:/home/saber/robox_ws/install/moveit_setup_core_plugins:/home/saber/robox_ws/install/moveit_setup_controllers:/home/saber/robox_ws/install/moveit_setup_app_plugins:/home/saber/robox_ws/install/moveit_setup_framework:/home/saber/robox_ws/install/moveit_servo:/home/saber/robox_ws/install/moveit_ros_trajectory_cache:/home/saber/robox_ws/install/moveit_ros:/home/saber/robox_ws/install/arm_description:/home/saber/robox_ws/install/moveit_py:/home/saber/robox_ws/install/moveit_hybrid_planning:/home/saber/robox_ws/install/moveit_ros_benchmarks:/home/saber/robox_ws/install/moveit_ros_perception:/home/saber/robox_ws/install/moveit_resources_prbt_pg70_support:/home/saber/robox_ws/install/moveit_resources_prbt_moveit_config:/home/saber/robox_ws/install/moveit_planners_ompl:/home/saber/robox_ws/install/moveit_resources_prbt_support:/home/saber/robox_ws/install/moveit_resources_prbt_ikfast_manipulator_plugin:/home/saber/robox_ws/install/moveit_planners_stomp:/home/saber/robox_ws/install/moveit_planners_chomp:/home/saber/robox_ws/install/chomp_motion_planner:/home/saber/robox_ws/install/arm_moveit:/home/saber/arduinobot_ws/install/controller:/home/saber/arduinobot_ws/install/arm_description:/home/saber/arduinobot_ws/install/arduinobot_cpp_examples:/opt/ros/jazzy/opt/gz_sim_vendor:/opt/ros/jazzy/opt/gz_sensors_vendor:/opt/ros/jazzy/opt/gz_physics_vendor:/opt/ros/jazzy/opt/sdformat_vendor:/opt/ros/jazzy/opt/gz_gui_vendor:/opt/ros/jazzy/opt/gz_transport_vendor:/opt/ros/jazzy/opt/gz_rendering_vendor:/opt/ros/jazzy/opt/gz_plugin_vendor:/opt/ros/jazzy/opt/gz_fuel_tools_vendor:/opt/ros/jazzy/opt/gz_msgs_vendor:/opt/ros/jazzy/opt/gz_common_vendor:/opt/ros/jazzy/opt/gz_math_vendor:/opt/ros/jazzy/opt/gz_utils_vendor:/opt/ros/jazzy/opt/gz_tools_vendor:/opt/ros/jazzy/opt/gz_ogre_next_vendor:/opt/ros/jazzy/opt/gz_dartsim_vendor:/opt/ros/jazzy/opt/gz_cmake_vendor:/home/saber/robox_ws/install/arduinobot_py_examples:/home/saber/robox_ws/install/moveit_configs_utils:/home/saber/arduinobot_ws/install/arduinobot_py_examples:/opt/ros/jazzy DEBUGINFOD_URLS=https://debuginfod.ubuntu.com LD_LIBRARY_PATH=/home/saber/robox_ws/install/moveit_ros_visualization/lib:/home/saber/robox_ws/install/moveit_ros_planning_interface/lib:/home/saber/robox_ws/install/moveit_ros_move_group/lib:/home/saber/robox_ws/install/moveit_ros_warehouse/lib:/home/saber/robox_ws/install/moveit_ros_robot_interaction/lib:/home/saber/robox_ws/install/moveit_kinematics/lib:/home/saber/robox_ws/install/moveit_ros_planning/lib:/home/saber/robox_ws/install/moveit_simple_controller_manager/lib:/home/saber/robox_ws/install/moveit_ros_occupancy_map_monitor/lib:/home/saber/robox_ws/install/moveit_core/lib:/home/saber/robox_ws/install/pilz_industrial_motion_planner_testutils/lib:/home/saber/robox_ws/install/pilz_industrial_motion_planner/lib:/home/saber/robox_ws/install/moveit_ros_control_interface/lib:/home/saber/robox_ws/install/moveit_setup_assistant/lib:/home/saber/robox_ws/install/moveit_setup_srdf_plugins/lib:/home/saber/robox_ws/install/moveit_setup_core_plugins/lib:/home/saber/robox_ws/install/moveit_setup_controllers/lib:/home/saber/robox_ws/install/moveit_setup_app_plugins/lib:/home/saber/robox_ws/install/moveit_setup_framework/lib:/home/saber/robox_ws/install/moveit_servo/lib:/home/saber/robox_ws/install/moveit_ros_trajectory_cache/lib:/home/saber/robox_ws/install/arm_description/lib:/home/saber/robox_ws/install/moveit_py/lib:/home/saber/robox_ws/install/moveit_hybrid_planning/lib:/home/saber/robox_ws/install/moveit_ros_benchmarks/lib:/home/saber/robox_ws/install/moveit_ros_perception/lib:/home/saber/robox_ws/install/moveit_planners_ompl/lib:/home/saber/robox_ws/install/moveit_resources_prbt_ikfast_manipulator_plugin/lib:/home/saber/robox_ws/install/moveit_planners_stomp/lib:/home/saber/robox_ws/install/moveit_planners_chomp/lib:/home/saber/robox_ws/install/chomp_motion_planner/lib:/opt/ros/jazzy/opt/gz_sim_vendor/lib:/opt/ros/jazzy/opt/gz_sensors_vendor/lib:/opt/ros/jazzy/opt/gz_physics_vendor/lib:/opt/ros/jazzy/opt/sdformat_vendor/lib:/opt/ros/jazzy/opt/rviz_ogre_vendor/lib:/opt/ros/jazzy/lib/x86_64-linux-gnu:/opt/ros/jazzy/opt/gz_gui_vendor/lib:/opt/ros/jazzy/opt/gz_transport_vendor/lib:/opt/ros/jazzy/opt/gz_rendering_vendor/lib:/opt/ros/jazzy/opt/gz_plugin_vendor/lib:/opt/ros/jazzy/opt/gz_fuel_tools_vendor/lib:/opt/ros/jazzy/opt/gz_msgs_vendor/lib:/opt/ros/jazzy/opt/gz_common_vendor/lib:/opt/ros/jazzy/opt/gz_math_vendor/lib:/opt/ros/jazzy/opt/gz_utils_vendor/lib:/opt/ros/jazzy/opt/gz_tools_vendor/lib:/opt/ros/jazzy/opt/gz_ogre_next_vendor/lib:/opt/ros/jazzy/opt/gz_dartsim_vendor/lib:/opt/ros/jazzy/opt/gz_cmake_vendor/lib:/opt/ros/jazzy/lib PYTHONPATH=/home/saber/robox_ws/install/moveit_configs_utils/lib/python3.12/site-packages:/home/saber/robox_ws/install/arduinobot_py_examples/lib/python3.12/site-packages:/home/saber/robox_ws/install/arm_description/lib/python3.12/site-packages:/home/saber/robox_ws/install/moveit_py/lib/python3.12/site-packages:/home/saber/arduinobot_ws/install/arduinobot_py_examples/lib/python3.12/site-packages:/opt/ros/jazzy/lib/python3.12/site-packages /usr/bin/cmake --build /home/saber/robox_ws/build/arm_description -- -j16 -l16
