/usr/bin/cmake -S/home/saber/robox_ws/src/arm_description -B/home/saber/robox_ws/build/arm_description --check-build-system CMakeFiles/Makefile.cmake 0
/usr/bin/cmake -E cmake_progress_start /home/saber/robox_ws/build/arm_description/CMakeFiles /home/saber/robox_ws/build/arm_description//CMakeFiles/progress.marks
/usr/bin/gmake  -f CMakeFiles/Makefile2 all
gmake[1]: Entering directory '/home/saber/robox_ws/build/arm_description'
/usr/bin/gmake  -f CMakeFiles/arm_description__rosidl_generator_type_description.dir/build.make CMakeFiles/arm_description__rosidl_generator_type_description.dir/depend
/usr/bin/gmake  -f CMakeFiles/ament_cmake_python_symlink_arm_description.dir/build.make CMakeFiles/ament_cmake_python_symlink_arm_description.dir/depend
gmake[2]: Entering directory '/home/saber/robox_ws/build/arm_description'
cd /home/saber/robox_ws/build/arm_description && /usr/bin/cmake -E cmake_depends "Unix Makefiles" /home/saber/robox_ws/src/arm_description /home/saber/robox_ws/src/arm_description /home/saber/robox_ws/build/arm_description /home/saber/robox_ws/build/arm_description /home/saber/robox_ws/build/arm_description/CMakeFiles/arm_description__rosidl_generator_type_description.dir/DependInfo.cmake "--color="
gmake[2]: Entering directory '/home/saber/robox_ws/build/arm_description'
cd /home/saber/robox_ws/build/arm_description && /usr/bin/cmake -E cmake_depends "Unix Makefiles" /home/saber/robox_ws/src/arm_description /home/saber/robox_ws/src/arm_description /home/saber/robox_ws/build/arm_description /home/saber/robox_ws/build/arm_description /home/saber/robox_ws/build/arm_description/CMakeFiles/ament_cmake_python_symlink_arm_description.dir/DependInfo.cmake "--color="
gmake[2]: Leaving directory '/home/saber/robox_ws/build/arm_description'
/usr/bin/gmake  -f CMakeFiles/arm_description__rosidl_generator_type_description.dir/build.make CMakeFiles/arm_description__rosidl_generator_type_description.dir/build
gmake[2]: Leaving directory '/home/saber/robox_ws/build/arm_description'
/usr/bin/gmake  -f CMakeFiles/ament_cmake_python_symlink_arm_description.dir/build.make CMakeFiles/ament_cmake_python_symlink_arm_description.dir/build
gmake[2]: Entering directory '/home/saber/robox_ws/build/arm_description'
gmake[2]: Nothing to be done for 'CMakeFiles/arm_description__rosidl_generator_type_description.dir/build'.
gmake[2]: Leaving directory '/home/saber/robox_ws/build/arm_description'
gmake[2]: Entering directory '/home/saber/robox_ws/build/arm_description'
/usr/bin/cmake -E create_symlink /home/saber/robox_ws/build/arm_description/rosidl_generator_py/arm_description /home/saber/robox_ws/build/arm_description/ament_cmake_python/arm_description/arm_description
[  2%] Built target arm_description__rosidl_generator_type_description
/usr/bin/gmake  -f CMakeFiles/arm_description__cpp.dir/build.make CMakeFiles/arm_description__cpp.dir/depend
gmake[2]: Leaving directory '/home/saber/robox_ws/build/arm_description'
/usr/bin/gmake  -f CMakeFiles/arm_description__rosidl_generator_c.dir/build.make CMakeFiles/arm_description__rosidl_generator_c.dir/depend
gmake[2]: Entering directory '/home/saber/robox_ws/build/arm_description'
cd /home/saber/robox_ws/build/arm_description && /usr/bin/cmake -E cmake_depends "Unix Makefiles" /home/saber/robox_ws/src/arm_description /home/saber/robox_ws/src/arm_description /home/saber/robox_ws/build/arm_description /home/saber/robox_ws/build/arm_description /home/saber/robox_ws/build/arm_description/CMakeFiles/arm_description__cpp.dir/DependInfo.cmake "--color="
gmake[2]: Entering directory '/home/saber/robox_ws/build/arm_description'
cd /home/saber/robox_ws/build/arm_description && /usr/bin/cmake -E cmake_depends "Unix Makefiles" /home/saber/robox_ws/src/arm_description /home/saber/robox_ws/src/arm_description /home/saber/robox_ws/build/arm_description /home/saber/robox_ws/build/arm_description /home/saber/robox_ws/build/arm_description/CMakeFiles/arm_description__rosidl_generator_c.dir/DependInfo.cmake "--color="
[  2%] Built target ament_cmake_python_symlink_arm_description
/usr/bin/gmake  -f CMakeFiles/ament_cmake_python_build_arm_description_egg.dir/build.make CMakeFiles/ament_cmake_python_build_arm_description_egg.dir/depend
gmake[2]: Leaving directory '/home/saber/robox_ws/build/arm_description'
/usr/bin/gmake  -f CMakeFiles/arm_description__rosidl_generator_c.dir/build.make CMakeFiles/arm_description__rosidl_generator_c.dir/build
gmake[2]: Leaving directory '/home/saber/robox_ws/build/arm_description'
/usr/bin/gmake  -f CMakeFiles/arm_description__cpp.dir/build.make CMakeFiles/arm_description__cpp.dir/build
gmake[2]: Entering directory '/home/saber/robox_ws/build/arm_description'
cd /home/saber/robox_ws/build/arm_description && /usr/bin/cmake -E cmake_depends "Unix Makefiles" /home/saber/robox_ws/src/arm_description /home/saber/robox_ws/src/arm_description /home/saber/robox_ws/build/arm_description /home/saber/robox_ws/build/arm_description /home/saber/robox_ws/build/arm_description/CMakeFiles/ament_cmake_python_build_arm_description_egg.dir/DependInfo.cmake "--color="
gmake[2]: Entering directory '/home/saber/robox_ws/build/arm_description'
gmake[2]: Nothing to be done for 'CMakeFiles/arm_description__cpp.dir/build'.
gmake[2]: Leaving directory '/home/saber/robox_ws/build/arm_description'
gmake[2]: Entering directory '/home/saber/robox_ws/build/arm_description'
gmake[2]: Nothing to be done for 'CMakeFiles/arm_description__rosidl_generator_c.dir/build'.
gmake[2]: Leaving directory '/home/saber/robox_ws/build/arm_description'
[  5%] Built target arm_description__cpp
[ 19%] Built target arm_description__rosidl_generator_c
gmake[2]: Leaving directory '/home/saber/robox_ws/build/arm_description'
/usr/bin/gmake  -f CMakeFiles/ament_cmake_python_build_arm_description_egg.dir/build.make CMakeFiles/ament_cmake_python_build_arm_description_egg.dir/build
/usr/bin/gmake  -f CMakeFiles/arm_description__rosidl_typesupport_cpp.dir/build.make CMakeFiles/arm_description__rosidl_typesupport_cpp.dir/depend
/usr/bin/gmake  -f CMakeFiles/arm_description__rosidl_typesupport_fastrtps_c.dir/build.make CMakeFiles/arm_description__rosidl_typesupport_fastrtps_c.dir/depend
/usr/bin/gmake  -f CMakeFiles/arm_description__rosidl_typesupport_fastrtps_cpp.dir/build.make CMakeFiles/arm_description__rosidl_typesupport_fastrtps_cpp.dir/depend
/usr/bin/gmake  -f CMakeFiles/arm_description__rosidl_typesupport_introspection_c.dir/build.make CMakeFiles/arm_description__rosidl_typesupport_introspection_c.dir/depend
gmake[2]: Entering directory '/home/saber/robox_ws/build/arm_description'
cd /home/saber/robox_ws/build/arm_description/ament_cmake_python/arm_description && /usr/bin/python3 setup.py egg_info
/usr/bin/gmake  -f CMakeFiles/arm_description__rosidl_typesupport_c.dir/build.make CMakeFiles/arm_description__rosidl_typesupport_c.dir/depend
/usr/bin/gmake  -f CMakeFiles/arm_description__rosidl_typesupport_introspection_cpp.dir/build.make CMakeFiles/arm_description__rosidl_typesupport_introspection_cpp.dir/depend
gmake[2]: Entering directory '/home/saber/robox_ws/build/arm_description'
cd /home/saber/robox_ws/build/arm_description && /usr/bin/cmake -E cmake_depends "Unix Makefiles" /home/saber/robox_ws/src/arm_description /home/saber/robox_ws/src/arm_description /home/saber/robox_ws/build/arm_description /home/saber/robox_ws/build/arm_description /home/saber/robox_ws/build/arm_description/CMakeFiles/arm_description__rosidl_typesupport_cpp.dir/DependInfo.cmake "--color="
gmake[2]: Entering directory '/home/saber/robox_ws/build/arm_description'
cd /home/saber/robox_ws/build/arm_description && /usr/bin/cmake -E cmake_depends "Unix Makefiles" /home/saber/robox_ws/src/arm_description /home/saber/robox_ws/src/arm_description /home/saber/robox_ws/build/arm_description /home/saber/robox_ws/build/arm_description /home/saber/robox_ws/build/arm_description/CMakeFiles/arm_description__rosidl_typesupport_introspection_c.dir/DependInfo.cmake "--color="
gmake[2]: Entering directory '/home/saber/robox_ws/build/arm_description'
cd /home/saber/robox_ws/build/arm_description && /usr/bin/cmake -E cmake_depends "Unix Makefiles" /home/saber/robox_ws/src/arm_description /home/saber/robox_ws/src/arm_description /home/saber/robox_ws/build/arm_description /home/saber/robox_ws/build/arm_description /home/saber/robox_ws/build/arm_description/CMakeFiles/arm_description__rosidl_typesupport_fastrtps_cpp.dir/DependInfo.cmake "--color="
gmake[2]: Entering directory '/home/saber/robox_ws/build/arm_description'
cd /home/saber/robox_ws/build/arm_description && /usr/bin/cmake -E cmake_depends "Unix Makefiles" /home/saber/robox_ws/src/arm_description /home/saber/robox_ws/src/arm_description /home/saber/robox_ws/build/arm_description /home/saber/robox_ws/build/arm_description /home/saber/robox_ws/build/arm_description/CMakeFiles/arm_description__rosidl_typesupport_fastrtps_c.dir/DependInfo.cmake "--color="
gmake[2]: Entering directory '/home/saber/robox_ws/build/arm_description'
cd /home/saber/robox_ws/build/arm_description && /usr/bin/cmake -E cmake_depends "Unix Makefiles" /home/saber/robox_ws/src/arm_description /home/saber/robox_ws/src/arm_description /home/saber/robox_ws/build/arm_description /home/saber/robox_ws/build/arm_description /home/saber/robox_ws/build/arm_description/CMakeFiles/arm_description__rosidl_typesupport_c.dir/DependInfo.cmake "--color="
gmake[2]: Entering directory '/home/saber/robox_ws/build/arm_description'
cd /home/saber/robox_ws/build/arm_description && /usr/bin/cmake -E cmake_depends "Unix Makefiles" /home/saber/robox_ws/src/arm_description /home/saber/robox_ws/src/arm_description /home/saber/robox_ws/build/arm_description /home/saber/robox_ws/build/arm_description /home/saber/robox_ws/build/arm_description/CMakeFiles/arm_description__rosidl_typesupport_introspection_cpp.dir/DependInfo.cmake "--color="
gmake[2]: Leaving directory '/home/saber/robox_ws/build/arm_description'
gmake[2]: Leaving directory '/home/saber/robox_ws/build/arm_description'
gmake[2]: Leaving directory '/home/saber/robox_ws/build/arm_description'
gmake[2]: Leaving directory '/home/saber/robox_ws/build/arm_description'
/usr/bin/gmake  -f CMakeFiles/arm_description__rosidl_typesupport_introspection_c.dir/build.make CMakeFiles/arm_description__rosidl_typesupport_introspection_c.dir/build
gmake[2]: Leaving directory '/home/saber/robox_ws/build/arm_description'
gmake[2]: Leaving directory '/home/saber/robox_ws/build/arm_description'
/usr/bin/gmake  -f CMakeFiles/arm_description__rosidl_typesupport_cpp.dir/build.make CMakeFiles/arm_description__rosidl_typesupport_cpp.dir/build
/usr/bin/gmake  -f CMakeFiles/arm_description__rosidl_typesupport_fastrtps_c.dir/build.make CMakeFiles/arm_description__rosidl_typesupport_fastrtps_c.dir/build
/usr/bin/gmake  -f CMakeFiles/arm_description__rosidl_typesupport_fastrtps_cpp.dir/build.make CMakeFiles/arm_description__rosidl_typesupport_fastrtps_cpp.dir/build
/usr/bin/gmake  -f CMakeFiles/arm_description__rosidl_typesupport_c.dir/build.make CMakeFiles/arm_description__rosidl_typesupport_c.dir/build
/usr/bin/gmake  -f CMakeFiles/arm_description__rosidl_typesupport_introspection_cpp.dir/build.make CMakeFiles/arm_description__rosidl_typesupport_introspection_cpp.dir/build
gmake[2]: Entering directory '/home/saber/robox_ws/build/arm_description'
gmake[2]: Nothing to be done for 'CMakeFiles/arm_description__rosidl_typesupport_introspection_c.dir/build'.
gmake[2]: Leaving directory '/home/saber/robox_ws/build/arm_description'
gmake[2]: Entering directory '/home/saber/robox_ws/build/arm_description'
gmake[2]: Nothing to be done for 'CMakeFiles/arm_description__rosidl_typesupport_cpp.dir/build'.
gmake[2]: Leaving directory '/home/saber/robox_ws/build/arm_description'
gmake[2]: Entering directory '/home/saber/robox_ws/build/arm_description'
gmake[2]: Nothing to be done for 'CMakeFiles/arm_description__rosidl_typesupport_c.dir/build'.
gmake[2]: Leaving directory '/home/saber/robox_ws/build/arm_description'
gmake[2]: Entering directory '/home/saber/robox_ws/build/arm_description'
gmake[2]: Nothing to be done for 'CMakeFiles/arm_description__rosidl_typesupport_fastrtps_cpp.dir/build'.
gmake[2]: Leaving directory '/home/saber/robox_ws/build/arm_description'
gmake[2]: Entering directory '/home/saber/robox_ws/build/arm_description'
gmake[2]: Entering directory '/home/saber/robox_ws/build/arm_description'
gmake[2]: Nothing to be done for 'CMakeFiles/arm_description__rosidl_typesupport_fastrtps_c.dir/build'.
gmake[2]: Nothing to be done for 'CMakeFiles/arm_description__rosidl_typesupport_introspection_cpp.dir/build'.
gmake[2]: Leaving directory '/home/saber/robox_ws/build/arm_description'
gmake[2]: Leaving directory '/home/saber/robox_ws/build/arm_description'
[ 52%] Built target arm_description__rosidl_typesupport_cpp
[ 52%] Built target arm_description__rosidl_typesupport_introspection_cpp
[ 52%] Built target arm_description__rosidl_typesupport_fastrtps_c
[ 55%] Built target arm_description__rosidl_typesupport_c
[ 61%] Built target arm_description__rosidl_typesupport_fastrtps_cpp
[ 69%] Built target arm_description__rosidl_typesupport_introspection_c
/usr/bin/gmake  -f CMakeFiles/arm_description.dir/build.make CMakeFiles/arm_description.dir/depend
gmake[2]: Entering directory '/home/saber/robox_ws/build/arm_description'
cd /home/saber/robox_ws/build/arm_description && /usr/bin/cmake -E cmake_depends "Unix Makefiles" /home/saber/robox_ws/src/arm_description /home/saber/robox_ws/src/arm_description /home/saber/robox_ws/build/arm_description /home/saber/robox_ws/build/arm_description /home/saber/robox_ws/build/arm_description/CMakeFiles/arm_description.dir/DependInfo.cmake "--color="
gmake[2]: Leaving directory '/home/saber/robox_ws/build/arm_description'
/usr/bin/gmake  -f CMakeFiles/arm_description.dir/build.make CMakeFiles/arm_description.dir/build
gmake[2]: Entering directory '/home/saber/robox_ws/build/arm_description'
gmake[2]: Nothing to be done for 'CMakeFiles/arm_description.dir/build'.
gmake[2]: Leaving directory '/home/saber/robox_ws/build/arm_description'
[ 69%] Built target arm_description
/usr/bin/gmake  -f /home/saber/robox_ws/build/arm_description/arm_description__py/CMakeFiles/arm_description__py.dir/build.make /home/saber/robox_ws/build/arm_description/arm_description__py/CMakeFiles/arm_description__py.dir/depend
/usr/bin/gmake  -f CMakeFiles/robot_arm_ik_node.dir/build.make CMakeFiles/robot_arm_ik_node.dir/depend
gmake[2]: Entering directory '/home/saber/robox_ws/build/arm_description'
cd /home/saber/robox_ws/build/arm_description && /usr/bin/cmake -E cmake_depends "Unix Makefiles" /home/saber/robox_ws/src/arm_description /home/saber/robox_ws/build/arm_description/arm_description__py /home/saber/robox_ws/build/arm_description /home/saber/robox_ws/build/arm_description/arm_description__py /home/saber/robox_ws/build/arm_description/arm_description__py/CMakeFiles/arm_description__py.dir/DependInfo.cmake "--color="
gmake[2]: Entering directory '/home/saber/robox_ws/build/arm_description'
cd /home/saber/robox_ws/build/arm_description && /usr/bin/cmake -E cmake_depends "Unix Makefiles" /home/saber/robox_ws/src/arm_description /home/saber/robox_ws/src/arm_description /home/saber/robox_ws/build/arm_description /home/saber/robox_ws/build/arm_description /home/saber/robox_ws/build/arm_description/CMakeFiles/robot_arm_ik_node.dir/DependInfo.cmake "--color="
gmake[2]: Leaving directory '/home/saber/robox_ws/build/arm_description'
/usr/bin/gmake  -f /home/saber/robox_ws/build/arm_description/arm_description__py/CMakeFiles/arm_description__py.dir/build.make /home/saber/robox_ws/build/arm_description/arm_description__py/CMakeFiles/arm_description__py.dir/build
gmake[2]: Entering directory '/home/saber/robox_ws/build/arm_description'
gmake[2]: Nothing to be done for '/home/saber/robox_ws/build/arm_description/arm_description__py/CMakeFiles/arm_description__py.dir/build'.
gmake[2]: Leaving directory '/home/saber/robox_ws/build/arm_description'
[ 72%] Built target arm_description__py
/usr/bin/gmake  -f CMakeFiles/arm_description__rosidl_generator_py.dir/build.make CMakeFiles/arm_description__rosidl_generator_py.dir/depend
gmake[2]: Entering directory '/home/saber/robox_ws/build/arm_description'
cd /home/saber/robox_ws/build/arm_description && /usr/bin/cmake -E cmake_depends "Unix Makefiles" /home/saber/robox_ws/src/arm_description /home/saber/robox_ws/src/arm_description /home/saber/robox_ws/build/arm_description /home/saber/robox_ws/build/arm_description /home/saber/robox_ws/build/arm_description/CMakeFiles/arm_description__rosidl_generator_py.dir/DependInfo.cmake "--color="
gmake[2]: Leaving directory '/home/saber/robox_ws/build/arm_description'
/usr/bin/gmake  -f CMakeFiles/robot_arm_ik_node.dir/build.make CMakeFiles/robot_arm_ik_node.dir/build
gmake[2]: Leaving directory '/home/saber/robox_ws/build/arm_description'
/usr/bin/gmake  -f CMakeFiles/arm_description__rosidl_generator_py.dir/build.make CMakeFiles/arm_description__rosidl_generator_py.dir/build
gmake[2]: Entering directory '/home/saber/robox_ws/build/arm_description'
gmake[2]: Nothing to be done for 'CMakeFiles/arm_description__rosidl_generator_py.dir/build'.
gmake[2]: Leaving directory '/home/saber/robox_ws/build/arm_description'
gmake[2]: Entering directory '/home/saber/robox_ws/build/arm_description'
[ 77%] Built target arm_description__rosidl_generator_py
/usr/bin/gmake  -f CMakeFiles/arm_description_s__rosidl_typesupport_fastrtps_c.dir/build.make CMakeFiles/arm_description_s__rosidl_typesupport_fastrtps_c.dir/depend
/usr/bin/gmake  -f CMakeFiles/arm_description_s__rosidl_typesupport_introspection_c.dir/build.make CMakeFiles/arm_description_s__rosidl_typesupport_introspection_c.dir/depend
gmake[2]: Entering directory '/home/saber/robox_ws/build/arm_description'
cd /home/saber/robox_ws/build/arm_description && /usr/bin/cmake -E cmake_depends "Unix Makefiles" /home/saber/robox_ws/src/arm_description /home/saber/robox_ws/src/arm_description /home/saber/robox_ws/build/arm_description /home/saber/robox_ws/build/arm_description /home/saber/robox_ws/build/arm_description/CMakeFiles/arm_description_s__rosidl_typesupport_fastrtps_c.dir/DependInfo.cmake "--color="
gmake[2]: Entering directory '/home/saber/robox_ws/build/arm_description'
cd /home/saber/robox_ws/build/arm_description && /usr/bin/cmake -E cmake_depends "Unix Makefiles" /home/saber/robox_ws/src/arm_description /home/saber/robox_ws/src/arm_description /home/saber/robox_ws/build/arm_description /home/saber/robox_ws/build/arm_description /home/saber/robox_ws/build/arm_description/CMakeFiles/arm_description_s__rosidl_typesupport_introspection_c.dir/DependInfo.cmake "--color="
/usr/bin/gmake  -f CMakeFiles/arm_description_s__rosidl_typesupport_c.dir/build.make CMakeFiles/arm_description_s__rosidl_typesupport_c.dir/depend
[ 80%] [32mBuilding CXX object CMakeFiles/robot_arm_ik_node.dir/src/pose.cpp.o[0m
/usr/bin/c++ -DBOOST_ATOMIC_DYN_LINK -DBOOST_ATOMIC_NO_LIB -DBOOST_CHRONO_DYN_LINK -DBOOST_CHRONO_NO_LIB -DBOOST_DATE_TIME_DYN_LINK -DBOOST_DATE_TIME_NO_LIB -DBOOST_FILESYSTEM_DYN_LINK -DBOOST_FILESYSTEM_NO_LIB -DBOOST_IOSTREAMS_DYN_LINK -DBOOST_IOSTREAMS_NO_LIB -DBOOST_PROGRAM_OPTIONS_DYN_LINK -DBOOST_PROGRAM_OPTIONS_NO_LIB -DBOOST_REGEX_DYN_LINK -DBOOST_REGEX_NO_LIB -DBOOST_SERIALIZATION_DYN_LINK -DBOOST_SERIALIZATION_NO_LIB -DBOOST_SYSTEM_DYN_LINK -DBOOST_SYSTEM_NO_LIB -DBOOST_THREAD_DYN_LINK -DBOOST_THREAD_NO_LIB -DDEFAULT_RMW_IMPLEMENTATION=rmw_fastrtps_cpp -DFASTCDR_DYN_LINK -DFMT_SHARED -DROS_PACKAGE_NAME=\"arm_description\" -DTINYXML2_IMPORT -D_FILE_OFFSET_BITS=64 -I/home/saber/robox_ws/build/arm_description/rosidl_generator_c -I/home/saber/robox_ws/build/arm_description/rosidl_generator_cpp -isystem /opt/ros/jazzy/include/geometry_msgs -isystem /opt/ros/jazzy/include/rcutils -isystem /opt/ros/jazzy/include/rosidl_runtime_cpp -isystem /opt/ros/jazzy/include/tf2 -isystem /opt/ros/jazzy/include/tf2_ros -isystem /opt/ros/jazzy/include/rcl_interfaces -isystem /opt/ros/jazzy/include/rclcpp_components -isystem /opt/ros/jazzy/include/builtin_interfaces -isystem /opt/ros/jazzy/include/message_filters -isystem /opt/ros/jazzy/include/rclcpp -isystem /opt/ros/jazzy/include/rclcpp_action -isystem /opt/ros/jazzy/include/tf2_msgs -isystem /opt/ros/jazzy/include/tf2_geometry_msgs -isystem /usr/include/eigen3 -isystem /home/saber/robox_ws/install/moveit_ros_planning_interface/include/moveit_ros_planning_interface -isystem /home/saber/robox_ws/install/moveit_core/include/moveit_core -isystem /opt/ros/jazzy/include/moveit_msgs -isystem /opt/ros/jazzy/include/controller_manager_msgs -isystem /usr/include/bullet -isystem /opt/ros/jazzy/include/rosidl_runtime_c -isystem /opt/ros/jazzy/include/rosidl_typesupport_interface -isystem /opt/ros/jazzy/include/fastcdr -isystem /opt/ros/jazzy/include/rosidl_typesupport_fastrtps_cpp -isystem /opt/ros/jazzy/include/rmw -isystem /opt/ros/jazzy/include/rosidl_dynamic_typesupport -isystem /opt/ros/jazzy/include/rosidl_typesupport_fastrtps_c -isystem /opt/ros/jazzy/include/rosidl_typesupport_introspection_c -isystem /opt/ros/jazzy/include/rosidl_typesupport_introspection_cpp -isystem /opt/ros/jazzy/include/libstatistics_collector -isystem /opt/ros/jazzy/include/rcl -isystem /opt/ros/jazzy/include/service_msgs -isystem /opt/ros/jazzy/include/rcl_logging_interface -isystem /opt/ros/jazzy/include/rcl_yaml_param_parser -isystem /opt/ros/jazzy/include/type_description_interfaces -isystem /opt/ros/jazzy/include/rcpputils -isystem /opt/ros/jazzy/include/statistics_msgs -isystem /opt/ros/jazzy/include/rosgraph_msgs -isystem /opt/ros/jazzy/include/rosidl_typesupport_cpp -isystem /opt/ros/jazzy/include/rosidl_typesupport_c -isystem /opt/ros/jazzy/include/tracetools -isystem /opt/ros/jazzy/include/std_msgs -isystem /home/saber/robox_ws/install/moveit_ros_planning/include -isystem /opt/ros/jazzy/include/parameter_traits -isystem /opt/ros/jazzy/include/rsl -isystem /opt/ros/jazzy/include -isystem /opt/ros/jazzy/include/rclcpp_lifecycle -isystem /opt/ros/jazzy/include/lifecycle_msgs -isystem /opt/ros/jazzy/include/rcl_lifecycle -isystem /home/saber/robox_ws/install/moveit_ros_planning/include/moveit_ros_planning -isystem /opt/ros/jazzy/include/eigen_stl_containers -isystem /opt/ros/jazzy/include/pluginlib -isystem /opt/ros/jazzy/include/ament_index_cpp -isystem /opt/ros/jazzy/include/class_loader -isystem /opt/ros/jazzy/include/urdf -isystem /opt/ros/jazzy/include/urdfdom -isystem /opt/ros/jazzy/include/urdfdom_headers -isystem /opt/ros/jazzy/include/srdfdom -isystem /opt/ros/jazzy/include/visualization_msgs -isystem /opt/ros/jazzy/include/sensor_msgs -isystem /opt/ros/jazzy/include/tf2_eigen -isystem /opt/ros/jazzy/include/action_msgs -isystem /opt/ros/jazzy/include/unique_identifier_msgs -isystem /opt/ros/jazzy/include/rcl_action -isystem /opt/ros/jazzy/include/geometric_shapes -isystem /opt/ros/jazzy/include/resource_retriever -isystem /opt/ros/jazzy/include/shape_msgs -isystem /opt/ros/jazzy/include/angles -isystem /opt/ros/jazzy/include/object_recognition_msgs -isystem /opt/ros/jazzy/include/octomap_msgs -isystem /opt/ros/jazzy/include/trajectory_msgs -isystem /opt/ros/jazzy/include/kdl_parser -isystem /home/saber/robox_ws/install/moveit_ros_occupancy_map_monitor/include/moveit_ros_occupancy_map_monitor -isystem /opt/ros/jazzy/include/composition_interfaces -isystem /home/saber/robox_ws/install/moveit_ros_move_group/include/moveit_ros_move_group -isystem /opt/ros/jazzy/include/std_srvs -isystem /home/saber/robox_ws/install/moveit_ros_warehouse/include/moveit_ros_warehouse -O3 -DNDEBUG -Wall -Wextra -Wpedantic -MD -MT CMakeFiles/robot_arm_ik_node.dir/src/pose.cpp.o -MF CMakeFiles/robot_arm_ik_node.dir/src/pose.cpp.o.d -o CMakeFiles/robot_arm_ik_node.dir/src/pose.cpp.o -c /home/saber/robox_ws/src/arm_description/src/pose.cpp
gmake[2]: Entering directory '/home/saber/robox_ws/build/arm_description'
cd /home/saber/robox_ws/build/arm_description && /usr/bin/cmake -E cmake_depends "Unix Makefiles" /home/saber/robox_ws/src/arm_description /home/saber/robox_ws/src/arm_description /home/saber/robox_ws/build/arm_description /home/saber/robox_ws/build/arm_description /home/saber/robox_ws/build/arm_description/CMakeFiles/arm_description_s__rosidl_typesupport_c.dir/DependInfo.cmake "--color="
gmake[2]: Leaving directory '/home/saber/robox_ws/build/arm_description'
/usr/bin/gmake  -f CMakeFiles/arm_description_s__rosidl_typesupport_c.dir/build.make CMakeFiles/arm_description_s__rosidl_typesupport_c.dir/build
gmake[2]: Entering directory '/home/saber/robox_ws/build/arm_description'
gmake[2]: Nothing to be done for 'CMakeFiles/arm_description_s__rosidl_typesupport_c.dir/build'.
gmake[2]: Leaving directory '/home/saber/robox_ws/build/arm_description'
gmake[2]: Leaving directory '/home/saber/robox_ws/build/arm_description'
/usr/bin/gmake  -f CMakeFiles/arm_description_s__rosidl_typesupport_fastrtps_c.dir/build.make CMakeFiles/arm_description_s__rosidl_typesupport_fastrtps_c.dir/build
gmake[2]: Entering directory '/home/saber/robox_ws/build/arm_description'
gmake[2]: Nothing to be done for 'CMakeFiles/arm_description_s__rosidl_typesupport_fastrtps_c.dir/build'.
gmake[2]: Leaving directory '/home/saber/robox_ws/build/arm_description'
gmake[2]: Leaving directory '/home/saber/robox_ws/build/arm_description'
/usr/bin/gmake  -f CMakeFiles/arm_description_s__rosidl_typesupport_introspection_c.dir/build.make CMakeFiles/arm_description_s__rosidl_typesupport_introspection_c.dir/build
gmake[2]: Entering directory '/home/saber/robox_ws/build/arm_description'
gmake[2]: Nothing to be done for 'CMakeFiles/arm_description_s__rosidl_typesupport_introspection_c.dir/build'.
gmake[2]: Leaving directory '/home/saber/robox_ws/build/arm_description'
[ 86%] Built target arm_description_s__rosidl_typesupport_c
[ 91%] Built target arm_description_s__rosidl_typesupport_fastrtps_c
[ 97%] Built target arm_description_s__rosidl_typesupport_introspection_c
running egg_info
writing arm_description.egg-info/PKG-INFO
writing dependency_links to arm_description.egg-info/dependency_links.txt
writing top-level names to arm_description.egg-info/top_level.txt
reading manifest file 'arm_description.egg-info/SOURCES.txt'
writing manifest file 'arm_description.egg-info/SOURCES.txt'
gmake[2]: Leaving directory '/home/saber/robox_ws/build/arm_description'
[ 97%] Built target ament_cmake_python_build_arm_description_egg
[01m[K/home/saber/robox_ws/src/arm_description/src/pose.cpp:[m[K In constructor â€˜[01m[KRobotArmIKNode::[01;32m[KRobotArmIKNode[m[K()[m[Kâ€™:
[01m[K/home/saber/robox_ws/src/arm_description/src/pose.cpp:351:59:[m[K [01;31m[Kerror: [m[Kreference to â€˜[01m[Kshared_from_this[m[Kâ€™ is ambiguous
  351 |     moveit_cpp_ = std::make_shared<moveit_cpp::MoveItCpp>([01;31m[Kshared_from_this[m[K());
      |                                                           [01;31m[K^~~~~~~~~~~~~~~~[m[K
In file included from [01m[K/usr/include/c++/13/memory:80[m[K,
                 from [01m[K/opt/ros/jazzy/include/rclcpp/rclcpp/rclcpp.hpp:169[m[K,
                 from [01m[K/home/saber/robox_ws/src/arm_description/src/pose.cpp:335[m[K:
[01m[K/usr/include/c++/13/bits/shared_ptr.h:938:7:[m[K [01;36m[Knote: [m[Kcandidates are: â€˜[01m[Kstd::shared_ptr<const _Tp> std::enable_shared_from_this<_Tp>::[01;32m[Kshared_from_this[m[K() const [35m[K[with _Tp = RobotArmIKNode][m[K[m[Kâ€™
  938 |       [01;36m[Kshared_from_this[m[K() const
      |       [01;36m[K^~~~~~~~~~~~~~~~[m[K
[01m[K/usr/include/c++/13/bits/shared_ptr.h:934:7:[m[K [01;36m[Knote: [m[K                â€˜[01m[Kstd::shared_ptr<_Tp> std::enable_shared_from_this<_Tp>::[01;32m[Kshared_from_this[m[K() [35m[K[with _Tp = RobotArmIKNode][m[K[m[Kâ€™
  934 |       [01;36m[Kshared_from_this[m[K()
      |       [01;36m[K^~~~~~~~~~~~~~~~[m[K
[01m[K/usr/include/c++/13/bits/shared_ptr.h:938:7:[m[K [01;36m[Knote: [m[K                â€˜[01m[Kstd::shared_ptr<const _Tp> std::enable_shared_from_this<_Tp>::[01;32m[Kshared_from_this[m[K() const [35m[K[with _Tp = rclcpp::Node][m[K[m[Kâ€™
  938 |       [01;36m[Kshared_from_this[m[K() const
      |       [01;36m[K^~~~~~~~~~~~~~~~[m[K
[01m[K/usr/include/c++/13/bits/shared_ptr.h:934:7:[m[K [01;36m[Knote: [m[K                â€˜[01m[Kstd::shared_ptr<_Tp> std::enable_shared_from_this<_Tp>::[01;32m[Kshared_from_this[m[K() [35m[K[with _Tp = rclcpp::Node][m[K[m[Kâ€™
  934 |       [01;36m[Kshared_from_this[m[K()
      |       [01;36m[K^~~~~~~~~~~~~~~~[m[K
[01m[K/home/saber/robox_ws/src/arm_description/src/pose.cpp:354:37:[m[K [01;31m[Kerror: [m[Kpassing â€˜[01m[Kstd::__shared_ptr_access<const planning_scene_monitor::PlanningSceneMonitor, __gnu_cxx::_S_atomic, false, false>::element_type[m[Kâ€™ {aka â€˜[01m[Kconst planning_scene_monitor::PlanningSceneMonitor[m[Kâ€™} as â€˜[01m[Kthis[m[Kâ€™ argument discards qualifiers [[01;31m[K]8;;https://gcc.gnu.org/onlinedocs/gcc/Warning-Options.html#index-fpermissive-fpermissive]8;;[m[K]
  354 |     [01;31m[Kpsm->providePlanningSceneService()[m[K;        // no const object
      |     [01;31m[K~~~~~~~~~~~~~~~~~~~~~~~~~~~~~~~~^~[m[K
In file included from [01m[K/home/saber/robox_ws/src/moveit2/moveit_ros/planning/moveit_cpp/include/moveit/moveit_cpp/moveit_cpp.hpp:44[m[K,
                 from [01m[K/home/saber/robox_ws/src/arm_description/src/pose.cpp:336[m[K:
[01m[K/home/saber/robox_ws/install/moveit_ros_planning/include/moveit_ros_planning/moveit/planning_scene_monitor/planning_scene_monitor.hpp:348:8:[m[K [01;36m[Knote: [m[K  in call to â€˜[01m[Kvoid planning_scene_monitor::PlanningSceneMonitor::[01;32m[KprovidePlanningSceneService[m[K(const std::string&)[m[Kâ€™
  348 |   void [01;36m[KprovidePlanningSceneService[m[K(const std::string& service_name = DEFAULT_PLANNING_SCENE_SERVICE);
      |        [01;36m[K^~~~~~~~~~~~~~~~~~~~~~~~~~~[m[K
[01m[K/home/saber/robox_ws/src/arm_description/src/pose.cpp:355:27:[m[K [01;31m[Kerror: [m[Kpassing â€˜[01m[Kstd::__shared_ptr_access<const planning_scene_monitor::PlanningSceneMonitor, __gnu_cxx::_S_atomic, false, false>::element_type[m[Kâ€™ {aka â€˜[01m[Kconst planning_scene_monitor::PlanningSceneMonitor[m[Kâ€™} as â€˜[01m[Kthis[m[Kâ€™ argument discards qualifiers [[01;31m[K]8;;https://gcc.gnu.org/onlinedocs/gcc/Warning-Options.html#index-fpermissive-fpermissive]8;;[m[K]
  355 |     [01;31m[Kpsm->startSceneMonitor()[m[K;
      |     [01;31m[K~~~~~~~~~~~~~~~~~~~~~~^~[m[K
[01m[K/home/saber/robox_ws/install/moveit_ros_planning/include/moveit_ros_planning/moveit/planning_scene_monitor/planning_scene_monitor.hpp:330:8:[m[K [01;36m[Knote: [m[K  in call to â€˜[01m[Kvoid planning_scene_monitor::PlanningSceneMonitor::[01;32m[KstartSceneMonitor[m[K(const std::string&)[m[Kâ€™
  330 |   void [01;36m[KstartSceneMonitor[m[K(const std::string& scene_topic = DEFAULT_PLANNING_SCENE_TOPIC);
      |        [01;36m[K^~~~~~~~~~~~~~~~~[m[K
[01m[K/home/saber/robox_ws/src/arm_description/src/pose.cpp:356:35:[m[K [01;31m[Kerror: [m[Kpassing â€˜[01m[Kstd::__shared_ptr_access<const planning_scene_monitor::PlanningSceneMonitor, __gnu_cxx::_S_atomic, false, false>::element_type[m[Kâ€™ {aka â€˜[01m[Kconst planning_scene_monitor::PlanningSceneMonitor[m[Kâ€™} as â€˜[01m[Kthis[m[Kâ€™ argument discards qualifiers [[01;31m[K]8;;https://gcc.gnu.org/onlinedocs/gcc/Warning-Options.html#index-fpermissive-fpermissive]8;;[m[K]
  356 |     [01;31m[Kpsm->startWorldGeometryMonitor()[m[K;
      |     [01;31m[K~~~~~~~~~~~~~~~~~~~~~~~~~~~~~~^~[m[K
[01m[K/home/saber/robox_ws/install/moveit_ros_planning/include/moveit_ros_planning/moveit/planning_scene_monitor/planning_scene_monitor.hpp:361:8:[m[K [01;36m[Knote: [m[K  in call to â€˜[01m[Kvoid planning_scene_monitor::PlanningSceneMonitor::[01;32m[KstartWorldGeometryMonitor[m[K(const std::string&, const std::string&, bool)[m[Kâ€™
  361 |   void [01;36m[KstartWorldGeometryMonitor[m[K(const std::string& collision_objects_topic = DEFAULT_COLLISION_OBJECT_TOPIC,
      |        [01;36m[K^~~~~~~~~~~~~~~~~~~~~~~~~[m[K
[01m[K/home/saber/robox_ws/src/arm_description/src/pose.cpp:357:27:[m[K [01;31m[Kerror: [m[Kpassing â€˜[01m[Kstd::__shared_ptr_access<const planning_scene_monitor::PlanningSceneMonitor, __gnu_cxx::_S_atomic, false, false>::element_type[m[Kâ€™ {aka â€˜[01m[Kconst planning_scene_monitor::PlanningSceneMonitor[m[Kâ€™} as â€˜[01m[Kthis[m[Kâ€™ argument discards qualifiers [[01;31m[K]8;;https://gcc.gnu.org/onlinedocs/gcc/Warning-Options.html#index-fpermissive-fpermissive]8;;[m[K]
  357 |     [01;31m[Kpsm->startStateMonitor()[m[K;
      |     [01;31m[K~~~~~~~~~~~~~~~~~~~~~~^~[m[K
[01m[K/home/saber/robox_ws/install/moveit_ros_planning/include/moveit_ros_planning/moveit/planning_scene_monitor/planning_scene_monitor.hpp:295:8:[m[K [01;36m[Knote: [m[K  in call to â€˜[01m[Kvoid planning_scene_monitor::PlanningSceneMonitor::[01;32m[KstartStateMonitor[m[K(const std::string&, const std::string&)[m[Kâ€™
  295 |   void [01;36m[KstartStateMonitor[m[K(const std::string& joint_states_topic = DEFAULT_JOINT_STATES_TOPIC,
      |        [01;36m[K^~~~~~~~~~~~~~~~~[m[K
[01m[K/home/saber/robox_ws/src/arm_description/src/pose.cpp:[m[K In member function â€˜[01m[Kvoid RobotArmIKNode::[01;32m[KplanToPose[m[K()[m[Kâ€™:
[01m[K/home/saber/robox_ws/src/arm_description/src/pose.cpp:381:42:[m[K [01;31m[Kerror: [m[Kâ€˜[01m[Kstruct planning_interface::MotionPlanResponse[m[Kâ€™ has no member named â€˜[01m[Kvalue[m[Kâ€™
  381 |       const auto& result = plan_solution.[01;31m[Kvalue[m[K();
      |                                          [01;31m[K^~~~~[m[K
gmake[2]: *** [CMakeFiles/robot_arm_ik_node.dir/build.make:79: CMakeFiles/robot_arm_ik_node.dir/src/pose.cpp.o] Error 1
gmake[2]: Leaving directory '/home/saber/robox_ws/build/arm_description'
gmake[1]: *** [CMakeFiles/Makefile2:629: CMakeFiles/robot_arm_ik_node.dir/all] Error 2
gmake[1]: Leaving directory '/home/saber/robox_ws/build/arm_description'
gmake: *** [Makefile:149: all] Error 2
