[01m[K/home/saber/robox_ws/src/arm_description/src/pose.cpp:[m[K In function â€˜[01m[Kint[01;32m[K main[m[K(int, char**)[m[Kâ€™:
[01m[K/home/saber/robox_ws/src/arm_description/src/pose.cpp:287:9:[m[K [01;31m[Kerror: [m[Kâ€˜[01m[Krobot_state[m[Kâ€™ has not been declared
  287 |         [01;31m[Krobot_state[m[K::RobotState test_state(*current_state);
      |         [01;31m[K^~~~~~~~~~~[m[K
[01m[K/home/saber/robox_ws/src/arm_description/src/pose.cpp:288:15:[m[K [01;31m[Kerror: [m[Kâ€˜[01m[Krobot_model[m[Kâ€™ does not name a type
  288 |         const [01;31m[Krobot_model[m[K::JointModelGroup* joint_model_group = test_state.getJointModelGroup("arm");
      |               [01;31m[K^~~~~~~~~~~[m[K
[01m[K/home/saber/robox_ws/src/arm_description/src/pose.cpp:291:26:[m[K [01;31m[Kerror: [m[Kâ€˜[01m[Ktest_state[m[Kâ€™ was not declared in this scope; did you mean â€˜[01m[Ksetstate[m[Kâ€™?
  291 |         bool ik_result = [01;31m[Ktest_state[m[K.setFromIK(joint_model_group, current_pose, 10, 0.1);
      |                          [01;31m[K^~~~~~~~~~[m[K
      |                          [32m[Ksetstate[m[K
[01m[K/home/saber/robox_ws/src/arm_description/src/pose.cpp:291:47:[m[K [01;31m[Kerror: [m[Kâ€˜[01m[Kjoint_model_group[m[Kâ€™ was not declared in this scope
  291 |         bool ik_result = test_state.setFromIK([01;31m[Kjoint_model_group[m[K, current_pose, 10, 0.1);
      |                                               [01;31m[K^~~~~~~~~~~~~~~~~[m[K
gmake[2]: *** [CMakeFiles/robot_arm_ik_node.dir/build.make:79: CMakeFiles/robot_arm_ik_node.dir/src/pose.cpp.o] Error 1
gmake[1]: *** [CMakeFiles/Makefile2:629: CMakeFiles/robot_arm_ik_node.dir/all] Error 2
gmake: *** [Makefile:149: all] Error 2
