[0.024s] Invoking command in '/home/saber/robox_ws/build/arm_description': CMAKE_PREFIX_PATH=${CMAKE_PREFIX_PATH}:/home/saber/robox_ws/install/arduinobot_py_examples:/home/saber/arduinobot_ws/install/arduinobot_py_examples:/opt/ros/jazzy DEBUGINFOD_URLS=https://debuginfod.ubuntu.com /usr/bin/cmake --build /home/saber/robox_ws/build/arm_description -- -j16 -l16
[0.116s] /usr/bin/cmake -S/home/saber/robox_ws/src/arm_description -B/home/saber/robox_ws/build/arm_description --check-build-system CMakeFiles/Makefile.cmake 0
[0.224s] /usr/bin/cmake -E cmake_progress_start /home/saber/robox_ws/build/arm_description/CMakeFiles /home/saber/robox_ws/build/arm_description//CMakeFiles/progress.marks
[0.239s] /usr/bin/gmake  -f CMakeFiles/Makefile2 all
[0.241s] gmake[1]: Entering directory '/home/saber/robox_ws/build/arm_description'
[0.241s] /usr/bin/gmake  -f CMakeFiles/arm_description__rosidl_generator_type_description.dir/build.make CMakeFiles/arm_description__rosidl_generator_type_description.dir/depend
[0.242s] /usr/bin/gmake  -f CMakeFiles/ament_cmake_python_copy_arm_description.dir/build.make CMakeFiles/ament_cmake_python_copy_arm_description.dir/depend
[0.243s] gmake[2]: Entering directory '/home/saber/robox_ws/build/arm_description'
[0.243s] cd /home/saber/robox_ws/build/arm_description && /usr/bin/cmake -E cmake_depends "Unix Makefiles" /home/saber/robox_ws/src/arm_description /home/saber/robox_ws/src/arm_description /home/saber/robox_ws/build/arm_description /home/saber/robox_ws/build/arm_description /home/saber/robox_ws/build/arm_description/CMakeFiles/arm_description__rosidl_generator_type_description.dir/DependInfo.cmake "--color="
[0.243s] gmake[2]: Entering directory '/home/saber/robox_ws/build/arm_description'
[0.244s] cd /home/saber/robox_ws/build/arm_description && /usr/bin/cmake -E cmake_depends "Unix Makefiles" /home/saber/robox_ws/src/arm_description /home/saber/robox_ws/src/arm_description /home/saber/robox_ws/build/arm_description /home/saber/robox_ws/build/arm_description /home/saber/robox_ws/build/arm_description/CMakeFiles/ament_cmake_python_copy_arm_description.dir/DependInfo.cmake "--color="
[0.256s] gmake[2]: Leaving directory '/home/saber/robox_ws/build/arm_description'
[0.257s] gmake[2]: Leaving directory '/home/saber/robox_ws/build/arm_description'
[0.257s] /usr/bin/gmake  -f CMakeFiles/arm_description__rosidl_generator_type_description.dir/build.make CMakeFiles/arm_description__rosidl_generator_type_description.dir/build
[0.257s] /usr/bin/gmake  -f CMakeFiles/ament_cmake_python_copy_arm_description.dir/build.make CMakeFiles/ament_cmake_python_copy_arm_description.dir/build
[0.258s] gmake[2]: Entering directory '/home/saber/robox_ws/build/arm_description'
[0.258s] /usr/bin/cmake -E copy_directory /home/saber/robox_ws/build/arm_description/rosidl_generator_py/arm_description /home/saber/robox_ws/build/arm_description/ament_cmake_python/arm_description/arm_description
[0.258s] gmake[2]: Entering directory '/home/saber/robox_ws/build/arm_description'
[0.258s] gmake[2]: Nothing to be done for 'CMakeFiles/arm_description__rosidl_generator_type_description.dir/build'.
[0.258s] gmake[2]: Leaving directory '/home/saber/robox_ws/build/arm_description'
[0.268s] [  2%] Built target arm_description__rosidl_generator_type_description
[0.269s] /usr/bin/gmake  -f CMakeFiles/arm_description__cpp.dir/build.make CMakeFiles/arm_description__cpp.dir/depend
[0.270s] /usr/bin/gmake  -f CMakeFiles/arm_description__rosidl_generator_c.dir/build.make CMakeFiles/arm_description__rosidl_generator_c.dir/depend
[0.272s] gmake[2]: Entering directory '/home/saber/robox_ws/build/arm_description'
[0.272s] cd /home/saber/robox_ws/build/arm_description && /usr/bin/cmake -E cmake_depends "Unix Makefiles" /home/saber/robox_ws/src/arm_description /home/saber/robox_ws/src/arm_description /home/saber/robox_ws/build/arm_description /home/saber/robox_ws/build/arm_description /home/saber/robox_ws/build/arm_description/CMakeFiles/arm_description__cpp.dir/DependInfo.cmake "--color="
[0.273s] gmake[2]: Leaving directory '/home/saber/robox_ws/build/arm_description'
[0.275s] gmake[2]: Entering directory '/home/saber/robox_ws/build/arm_description'
[0.275s] cd /home/saber/robox_ws/build/arm_description && /usr/bin/cmake -E cmake_depends "Unix Makefiles" /home/saber/robox_ws/src/arm_description /home/saber/robox_ws/src/arm_description /home/saber/robox_ws/build/arm_description /home/saber/robox_ws/build/arm_description /home/saber/robox_ws/build/arm_description/CMakeFiles/arm_description__rosidl_generator_c.dir/DependInfo.cmake "--color="
[0.283s] [  2%] Built target ament_cmake_python_copy_arm_description
[0.284s] /usr/bin/gmake  -f CMakeFiles/ament_cmake_python_build_arm_description_egg.dir/build.make CMakeFiles/ament_cmake_python_build_arm_description_egg.dir/depend
[0.284s] gmake[2]: Leaving directory '/home/saber/robox_ws/build/arm_description'
[0.284s] /usr/bin/gmake  -f CMakeFiles/arm_description__cpp.dir/build.make CMakeFiles/arm_description__cpp.dir/build
[0.286s] gmake[2]: Entering directory '/home/saber/robox_ws/build/arm_description'
[0.286s] cd /home/saber/robox_ws/build/arm_description && /usr/bin/cmake -E cmake_depends "Unix Makefiles" /home/saber/robox_ws/src/arm_description /home/saber/robox_ws/src/arm_description /home/saber/robox_ws/build/arm_description /home/saber/robox_ws/build/arm_description /home/saber/robox_ws/build/arm_description/CMakeFiles/ament_cmake_python_build_arm_description_egg.dir/DependInfo.cmake "--color="
[0.286s] gmake[2]: Entering directory '/home/saber/robox_ws/build/arm_description'
[0.286s] gmake[2]: Nothing to be done for 'CMakeFiles/arm_description__cpp.dir/build'.
[0.287s] gmake[2]: Leaving directory '/home/saber/robox_ws/build/arm_description'
[0.288s] gmake[2]: Leaving directory '/home/saber/robox_ws/build/arm_description'
[0.288s] /usr/bin/gmake  -f CMakeFiles/arm_description__rosidl_generator_c.dir/build.make CMakeFiles/arm_description__rosidl_generator_c.dir/build
[0.295s] [  5%] Built target arm_description__cpp
[0.296s] gmake[2]: Entering directory '/home/saber/robox_ws/build/arm_description'
[0.296s] gmake[2]: Nothing to be done for 'CMakeFiles/arm_description__rosidl_generator_c.dir/build'.
[0.296s] gmake[2]: Leaving directory '/home/saber/robox_ws/build/arm_description'
[0.297s] gmake[2]: Leaving directory '/home/saber/robox_ws/build/arm_description'
[0.298s] /usr/bin/gmake  -f CMakeFiles/ament_cmake_python_build_arm_description_egg.dir/build.make CMakeFiles/ament_cmake_python_build_arm_description_egg.dir/build
[0.299s] gmake[2]: Entering directory '/home/saber/robox_ws/build/arm_description'
[0.299s] cd /home/saber/robox_ws/build/arm_description/ament_cmake_python/arm_description && /usr/bin/python3 setup.py egg_info
[0.309s] [ 19%] Built target arm_description__rosidl_generator_c
[0.311s] /usr/bin/gmake  -f CMakeFiles/arm_description__rosidl_typesupport_cpp.dir/build.make CMakeFiles/arm_description__rosidl_typesupport_cpp.dir/depend
[0.312s] /usr/bin/gmake  -f CMakeFiles/arm_description__rosidl_typesupport_fastrtps_c.dir/build.make CMakeFiles/arm_description__rosidl_typesupport_fastrtps_c.dir/depend
[0.312s] /usr/bin/gmake  -f CMakeFiles/arm_description__rosidl_typesupport_fastrtps_cpp.dir/build.make CMakeFiles/arm_description__rosidl_typesupport_fastrtps_cpp.dir/depend
[0.312s] /usr/bin/gmake  -f CMakeFiles/arm_description__rosidl_typesupport_introspection_c.dir/build.make CMakeFiles/arm_description__rosidl_typesupport_introspection_c.dir/depend
[0.312s] /usr/bin/gmake  -f CMakeFiles/arm_description__rosidl_typesupport_c.dir/build.make CMakeFiles/arm_description__rosidl_typesupport_c.dir/depend
[0.313s] /usr/bin/gmake  -f CMakeFiles/arm_description__rosidl_typesupport_introspection_cpp.dir/build.make CMakeFiles/arm_description__rosidl_typesupport_introspection_cpp.dir/depend
[0.315s] gmake[2]: Entering directory '/home/saber/robox_ws/build/arm_description'
[0.315s] cd /home/saber/robox_ws/build/arm_description && /usr/bin/cmake -E cmake_depends "Unix Makefiles" /home/saber/robox_ws/src/arm_description /home/saber/robox_ws/src/arm_description /home/saber/robox_ws/build/arm_description /home/saber/robox_ws/build/arm_description /home/saber/robox_ws/build/arm_description/CMakeFiles/arm_description__rosidl_typesupport_cpp.dir/DependInfo.cmake "--color="
[0.315s] gmake[2]: Entering directory '/home/saber/robox_ws/build/arm_description'
[0.315s] cd /home/saber/robox_ws/build/arm_description && /usr/bin/cmake -E cmake_depends "Unix Makefiles" /home/saber/robox_ws/src/arm_description /home/saber/robox_ws/src/arm_description /home/saber/robox_ws/build/arm_description /home/saber/robox_ws/build/arm_description /home/saber/robox_ws/build/arm_description/CMakeFiles/arm_description__rosidl_typesupport_fastrtps_cpp.dir/DependInfo.cmake "--color="
[0.315s] gmake[2]: Entering directory '/home/saber/robox_ws/build/arm_description'
[0.315s] cd /home/saber/robox_ws/build/arm_description && /usr/bin/cmake -E cmake_depends "Unix Makefiles" /home/saber/robox_ws/src/arm_description /home/saber/robox_ws/src/arm_description /home/saber/robox_ws/build/arm_description /home/saber/robox_ws/build/arm_description /home/saber/robox_ws/build/arm_description/CMakeFiles/arm_description__rosidl_typesupport_fastrtps_c.dir/DependInfo.cmake "--color="
[0.315s] gmake[2]: Entering directory '/home/saber/robox_ws/build/arm_description'
[0.315s] cd /home/saber/robox_ws/build/arm_description && /usr/bin/cmake -E cmake_depends "Unix Makefiles" /home/saber/robox_ws/src/arm_description /home/saber/robox_ws/src/arm_description /home/saber/robox_ws/build/arm_description /home/saber/robox_ws/build/arm_description /home/saber/robox_ws/build/arm_description/CMakeFiles/arm_description__rosidl_typesupport_c.dir/DependInfo.cmake "--color="
[0.316s] gmake[2]: Entering directory '/home/saber/robox_ws/build/arm_description'
[0.316s] cd /home/saber/robox_ws/build/arm_description && /usr/bin/cmake -E cmake_depends "Unix Makefiles" /home/saber/robox_ws/src/arm_description /home/saber/robox_ws/src/arm_description /home/saber/robox_ws/build/arm_description /home/saber/robox_ws/build/arm_description /home/saber/robox_ws/build/arm_description/CMakeFiles/arm_description__rosidl_typesupport_introspection_c.dir/DependInfo.cmake "--color="
[0.316s] gmake[2]: Entering directory '/home/saber/robox_ws/build/arm_description'
[0.316s] cd /home/saber/robox_ws/build/arm_description && /usr/bin/cmake -E cmake_depends "Unix Makefiles" /home/saber/robox_ws/src/arm_description /home/saber/robox_ws/src/arm_description /home/saber/robox_ws/build/arm_description /home/saber/robox_ws/build/arm_description /home/saber/robox_ws/build/arm_description/CMakeFiles/arm_description__rosidl_typesupport_introspection_cpp.dir/DependInfo.cmake "--color="
[0.330s] gmake[2]: Leaving directory '/home/saber/robox_ws/build/arm_description'
[0.330s] gmake[2]: Leaving directory '/home/saber/robox_ws/build/arm_description'
[0.331s] /usr/bin/gmake  -f CMakeFiles/arm_description__rosidl_typesupport_c.dir/build.make CMakeFiles/arm_description__rosidl_typesupport_c.dir/build
[0.331s] /usr/bin/gmake  -f CMakeFiles/arm_description__rosidl_typesupport_introspection_c.dir/build.make CMakeFiles/arm_description__rosidl_typesupport_introspection_c.dir/build
[0.331s] gmake[2]: Leaving directory '/home/saber/robox_ws/build/arm_description'
[0.331s] gmake[2]: Leaving directory '/home/saber/robox_ws/build/arm_description'
[0.331s] gmake[2]: Leaving directory '/home/saber/robox_ws/build/arm_description'
[0.332s] /usr/bin/gmake  -f CMakeFiles/arm_description__rosidl_typesupport_introspection_cpp.dir/build.make CMakeFiles/arm_description__rosidl_typesupport_introspection_cpp.dir/build
[0.332s] gmake[2]: Leaving directory '/home/saber/robox_ws/build/arm_description'
[0.332s] /usr/bin/gmake  -f CMakeFiles/arm_description__rosidl_typesupport_cpp.dir/build.make CMakeFiles/arm_description__rosidl_typesupport_cpp.dir/build
[0.332s] /usr/bin/gmake  -f CMakeFiles/arm_description__rosidl_typesupport_fastrtps_c.dir/build.make CMakeFiles/arm_description__rosidl_typesupport_fastrtps_c.dir/build
[0.332s] /usr/bin/gmake  -f CMakeFiles/arm_description__rosidl_typesupport_fastrtps_cpp.dir/build.make CMakeFiles/arm_description__rosidl_typesupport_fastrtps_cpp.dir/build
[0.334s] gmake[2]: Entering directory '/home/saber/robox_ws/build/arm_description'
[0.334s] gmake[2]: Nothing to be done for 'CMakeFiles/arm_description__rosidl_typesupport_c.dir/build'.
[0.334s] gmake[2]: Leaving directory '/home/saber/robox_ws/build/arm_description'
[0.334s] gmake[2]: Entering directory '/home/saber/robox_ws/build/arm_description'
[0.334s] gmake[2]: Nothing to be done for 'CMakeFiles/arm_description__rosidl_typesupport_introspection_c.dir/build'.
[0.334s] gmake[2]: Leaving directory '/home/saber/robox_ws/build/arm_description'
[0.336s] gmake[2]: Entering directory '/home/saber/robox_ws/build/arm_description'
[0.336s] gmake[2]: Nothing to be done for 'CMakeFiles/arm_description__rosidl_typesupport_cpp.dir/build'.
[0.336s] gmake[2]: Entering directory '/home/saber/robox_ws/build/arm_description'
[0.337s] gmake[2]: Leaving directory '/home/saber/robox_ws/build/arm_description'
[0.337s] gmake[2]: Nothing to be done for 'CMakeFiles/arm_description__rosidl_typesupport_introspection_cpp.dir/build'.
[0.337s] gmake[2]: Leaving directory '/home/saber/robox_ws/build/arm_description'
[0.338s] gmake[2]: Entering directory '/home/saber/robox_ws/build/arm_description'
[0.338s] gmake[2]: Nothing to be done for 'CMakeFiles/arm_description__rosidl_typesupport_fastrtps_c.dir/build'.
[0.338s] gmake[2]: Leaving directory '/home/saber/robox_ws/build/arm_description'
[0.338s] gmake[2]: Entering directory '/home/saber/robox_ws/build/arm_description'
[0.338s] gmake[2]: Nothing to be done for 'CMakeFiles/arm_description__rosidl_typesupport_fastrtps_cpp.dir/build'.
[0.338s] gmake[2]: Leaving directory '/home/saber/robox_ws/build/arm_description'
[0.350s] [ 61%] Built target arm_description__rosidl_typesupport_fastrtps_c
[0.350s] [ 61%] Built target arm_description__rosidl_typesupport_fastrtps_cpp
[0.350s] [ 61%] Built target arm_description__rosidl_typesupport_cpp
[0.350s] [ 61%] Built target arm_description__rosidl_typesupport_introspection_c
[0.350s] [ 61%] Built target arm_description__rosidl_typesupport_c
[0.350s] [ 69%] Built target arm_description__rosidl_typesupport_introspection_cpp
[0.351s] /usr/bin/gmake  -f CMakeFiles/arm_description.dir/build.make CMakeFiles/arm_description.dir/depend
[0.354s] gmake[2]: Entering directory '/home/saber/robox_ws/build/arm_description'
[0.354s] cd /home/saber/robox_ws/build/arm_description && /usr/bin/cmake -E cmake_depends "Unix Makefiles" /home/saber/robox_ws/src/arm_description /home/saber/robox_ws/src/arm_description /home/saber/robox_ws/build/arm_description /home/saber/robox_ws/build/arm_description /home/saber/robox_ws/build/arm_description/CMakeFiles/arm_description.dir/DependInfo.cmake "--color="
[0.367s] gmake[2]: Leaving directory '/home/saber/robox_ws/build/arm_description'
[0.367s] /usr/bin/gmake  -f CMakeFiles/arm_description.dir/build.make CMakeFiles/arm_description.dir/build
[0.368s] gmake[2]: Entering directory '/home/saber/robox_ws/build/arm_description'
[0.369s] gmake[2]: Nothing to be done for 'CMakeFiles/arm_description.dir/build'.
[0.369s] gmake[2]: Leaving directory '/home/saber/robox_ws/build/arm_description'
[0.378s] [ 69%] Built target arm_description
[0.380s] /usr/bin/gmake  -f /home/saber/robox_ws/build/arm_description/arm_description__py/CMakeFiles/arm_description__py.dir/build.make /home/saber/robox_ws/build/arm_description/arm_description__py/CMakeFiles/arm_description__py.dir/depend
[0.381s] /usr/bin/gmake  -f CMakeFiles/robot_arm_ik_node.dir/build.make CMakeFiles/robot_arm_ik_node.dir/depend
[0.382s] gmake[2]: Entering directory '/home/saber/robox_ws/build/arm_description'
[0.382s] cd /home/saber/robox_ws/build/arm_description && /usr/bin/cmake -E cmake_depends "Unix Makefiles" /home/saber/robox_ws/src/arm_description /home/saber/robox_ws/build/arm_description/arm_description__py /home/saber/robox_ws/build/arm_description /home/saber/robox_ws/build/arm_description/arm_description__py /home/saber/robox_ws/build/arm_description/arm_description__py/CMakeFiles/arm_description__py.dir/DependInfo.cmake "--color="
[0.384s] gmake[2]: Entering directory '/home/saber/robox_ws/build/arm_description'
[0.384s] cd /home/saber/robox_ws/build/arm_description && /usr/bin/cmake -E cmake_depends "Unix Makefiles" /home/saber/robox_ws/src/arm_description /home/saber/robox_ws/src/arm_description /home/saber/robox_ws/build/arm_description /home/saber/robox_ws/build/arm_description /home/saber/robox_ws/build/arm_description/CMakeFiles/robot_arm_ik_node.dir/DependInfo.cmake "--color="
[0.394s] gmake[2]: Leaving directory '/home/saber/robox_ws/build/arm_description'
[0.394s] /usr/bin/gmake  -f /home/saber/robox_ws/build/arm_description/arm_description__py/CMakeFiles/arm_description__py.dir/build.make /home/saber/robox_ws/build/arm_description/arm_description__py/CMakeFiles/arm_description__py.dir/build
[0.397s] gmake[2]: Entering directory '/home/saber/robox_ws/build/arm_description'
[0.397s] gmake[2]: Nothing to be done for '/home/saber/robox_ws/build/arm_description/arm_description__py/CMakeFiles/arm_description__py.dir/build'.
[0.397s] gmake[2]: Leaving directory '/home/saber/robox_ws/build/arm_description'
[0.407s] gmake[2]: Leaving directory '/home/saber/robox_ws/build/arm_description'
[0.407s] /usr/bin/gmake  -f CMakeFiles/robot_arm_ik_node.dir/build.make CMakeFiles/robot_arm_ik_node.dir/build
[0.410s] [ 72%] Built target arm_description__py
[0.411s] /usr/bin/gmake  -f CMakeFiles/arm_description__rosidl_generator_py.dir/build.make CMakeFiles/arm_description__rosidl_generator_py.dir/depend
[0.413s] gmake[2]: Entering directory '/home/saber/robox_ws/build/arm_description'
[0.413s] cd /home/saber/robox_ws/build/arm_description && /usr/bin/cmake -E cmake_depends "Unix Makefiles" /home/saber/robox_ws/src/arm_description /home/saber/robox_ws/src/arm_description /home/saber/robox_ws/build/arm_description /home/saber/robox_ws/build/arm_description /home/saber/robox_ws/build/arm_description/CMakeFiles/arm_description__rosidl_generator_py.dir/DependInfo.cmake "--color="
[0.427s] gmake[2]: Leaving directory '/home/saber/robox_ws/build/arm_description'
[0.428s] /usr/bin/gmake  -f CMakeFiles/arm_description__rosidl_generator_py.dir/build.make CMakeFiles/arm_description__rosidl_generator_py.dir/build
[0.433s] gmake[2]: Entering directory '/home/saber/robox_ws/build/arm_description'
[0.433s] gmake[2]: Nothing to be done for 'CMakeFiles/arm_description__rosidl_generator_py.dir/build'.
[0.433s] gmake[2]: Leaving directory '/home/saber/robox_ws/build/arm_description'
[0.446s] [ 77%] Built target arm_description__rosidl_generator_py
[0.448s] /usr/bin/gmake  -f CMakeFiles/arm_description_s__rosidl_typesupport_fastrtps_c.dir/build.make CMakeFiles/arm_description_s__rosidl_typesupport_fastrtps_c.dir/depend
[0.448s] /usr/bin/gmake  -f CMakeFiles/arm_description_s__rosidl_typesupport_introspection_c.dir/build.make CMakeFiles/arm_description_s__rosidl_typesupport_introspection_c.dir/depend
[0.448s] /usr/bin/gmake  -f CMakeFiles/arm_description_s__rosidl_typesupport_c.dir/build.make CMakeFiles/arm_description_s__rosidl_typesupport_c.dir/depend
[0.450s] gmake[2]: Entering directory '/home/saber/robox_ws/build/arm_description'
[0.450s] cd /home/saber/robox_ws/build/arm_description && /usr/bin/cmake -E cmake_depends "Unix Makefiles" /home/saber/robox_ws/src/arm_description /home/saber/robox_ws/src/arm_description /home/saber/robox_ws/build/arm_description /home/saber/robox_ws/build/arm_description /home/saber/robox_ws/build/arm_description/CMakeFiles/arm_description_s__rosidl_typesupport_fastrtps_c.dir/DependInfo.cmake "--color="
[0.450s] gmake[2]: Entering directory '/home/saber/robox_ws/build/arm_description'
[0.451s] cd /home/saber/robox_ws/build/arm_description && /usr/bin/cmake -E cmake_depends "Unix Makefiles" /home/saber/robox_ws/src/arm_description /home/saber/robox_ws/src/arm_description /home/saber/robox_ws/build/arm_description /home/saber/robox_ws/build/arm_description /home/saber/robox_ws/build/arm_description/CMakeFiles/arm_description_s__rosidl_typesupport_introspection_c.dir/DependInfo.cmake "--color="
[0.451s] gmake[2]: Entering directory '/home/saber/robox_ws/build/arm_description'
[0.451s] cd /home/saber/robox_ws/build/arm_description && /usr/bin/cmake -E cmake_depends "Unix Makefiles" /home/saber/robox_ws/src/arm_description /home/saber/robox_ws/src/arm_description /home/saber/robox_ws/build/arm_description /home/saber/robox_ws/build/arm_description /home/saber/robox_ws/build/arm_description/CMakeFiles/arm_description_s__rosidl_typesupport_c.dir/DependInfo.cmake "--color="
[0.458s] gmake[2]: Entering directory '/home/saber/robox_ws/build/arm_description'
[0.466s] gmake[2]: Leaving directory '/home/saber/robox_ws/build/arm_description'
[0.466s] gmake[2]: Leaving directory '/home/saber/robox_ws/build/arm_description'
[0.467s] /usr/bin/gmake  -f CMakeFiles/arm_description_s__rosidl_typesupport_introspection_c.dir/build.make CMakeFiles/arm_description_s__rosidl_typesupport_introspection_c.dir/build
[0.467s] /usr/bin/gmake  -f CMakeFiles/arm_description_s__rosidl_typesupport_fastrtps_c.dir/build.make CMakeFiles/arm_description_s__rosidl_typesupport_fastrtps_c.dir/build
[0.468s] gmake[2]: Leaving directory '/home/saber/robox_ws/build/arm_description'
[0.469s] /usr/bin/gmake  -f CMakeFiles/arm_description_s__rosidl_typesupport_c.dir/build.make CMakeFiles/arm_description_s__rosidl_typesupport_c.dir/build
[0.470s] gmake[2]: Entering directory '/home/saber/robox_ws/build/arm_description'
[0.470s] gmake[2]: Entering directory '/home/saber/robox_ws/build/arm_description'
[0.470s] gmake[2]: Nothing to be done for 'CMakeFiles/arm_description_s__rosidl_typesupport_fastrtps_c.dir/build'.
[0.470s] gmake[2]: Nothing to be done for 'CMakeFiles/arm_description_s__rosidl_typesupport_introspection_c.dir/build'.
[0.470s] gmake[2]: Leaving directory '/home/saber/robox_ws/build/arm_description'
[0.470s] gmake[2]: Leaving directory '/home/saber/robox_ws/build/arm_description'
[0.471s] [ 80%] [32mBuilding CXX object CMakeFiles/robot_arm_ik_node.dir/src/pose.cpp.o[0m
[0.471s] gmake[2]: Entering directory '/home/saber/robox_ws/build/arm_description'
[0.471s] gmake[2]: Nothing to be done for 'CMakeFiles/arm_description_s__rosidl_typesupport_c.dir/build'.
[0.472s] gmake[2]: Leaving directory '/home/saber/robox_ws/build/arm_description'
[0.472s] /usr/bin/c++ -DBOOST_ATOMIC_DYN_LINK -DBOOST_ATOMIC_NO_LIB -DBOOST_CHRONO_DYN_LINK -DBOOST_CHRONO_NO_LIB -DBOOST_DATE_TIME_DYN_LINK -DBOOST_DATE_TIME_NO_LIB -DBOOST_FILESYSTEM_DYN_LINK -DBOOST_FILESYSTEM_NO_LIB -DBOOST_IOSTREAMS_DYN_LINK -DBOOST_IOSTREAMS_NO_LIB -DBOOST_PROGRAM_OPTIONS_DYN_LINK -DBOOST_PROGRAM_OPTIONS_NO_LIB -DBOOST_REGEX_DYN_LINK -DBOOST_REGEX_NO_LIB -DBOOST_SERIALIZATION_DYN_LINK -DBOOST_SERIALIZATION_NO_LIB -DBOOST_SYSTEM_DYN_LINK -DBOOST_SYSTEM_NO_LIB -DBOOST_THREAD_DYN_LINK -DBOOST_THREAD_NO_LIB -DDEFAULT_RMW_IMPLEMENTATION=rmw_fastrtps_cpp -DFASTCDR_DYN_LINK -DFMT_SHARED -DROS_PACKAGE_NAME=\"arm_description\" -DTINYXML2_IMPORT -D_FILE_OFFSET_BITS=64 -I/home/saber/robox_ws/build/arm_description/rosidl_generator_c -I/home/saber/robox_ws/build/arm_description/rosidl_generator_cpp -isystem /opt/ros/jazzy/include/geometry_msgs -isystem /opt/ros/jazzy/include/rcutils -isystem /opt/ros/jazzy/include/rosidl_runtime_cpp -isystem /opt/ros/jazzy/include/tf2 -isystem /opt/ros/jazzy/include/tf2_ros -isystem /opt/ros/jazzy/include/rcl_interfaces -isystem /opt/ros/jazzy/include/rclcpp_components -isystem /opt/ros/jazzy/include/builtin_interfaces -isystem /opt/ros/jazzy/include/message_filters -isystem /opt/ros/jazzy/include/rclcpp -isystem /opt/ros/jazzy/include/rclcpp_action -isystem /opt/ros/jazzy/include/tf2_msgs -isystem /opt/ros/jazzy/include/tf2_geometry_msgs -isystem /usr/include/eigen3 -isystem /opt/ros/jazzy/include/moveit_ros_planning_interface -isystem /opt/ros/jazzy/include/moveit_msgs -isystem /opt/ros/jazzy/include/moveit_core -isystem /opt/ros/jazzy/include/controller_manager_msgs -isystem /usr/include/bullet -isystem /opt/ros/jazzy/include/rosidl_runtime_c -isystem /opt/ros/jazzy/include/rosidl_typesupport_interface -isystem /opt/ros/jazzy/include/fastcdr -isystem /opt/ros/jazzy/include/rosidl_typesupport_fastrtps_cpp -isystem /opt/ros/jazzy/include/rmw -isystem /opt/ros/jazzy/include/rosidl_dynamic_typesupport -isystem /opt/ros/jazzy/include/rosidl_typesupport_fastrtps_c -isystem /opt/ros/jazzy/include/rosidl_typesupport_introspection_c -isystem /opt/ros/jazzy/include/rosidl_typesupport_introspection_cpp -isystem /opt/ros/jazzy/include/libstatistics_collector -isystem /opt/ros/jazzy/include/rcl -isystem /opt/ros/jazzy/include/service_msgs -isystem /opt/ros/jazzy/include/rcl_logging_interface -isystem /opt/ros/jazzy/include/rcl_yaml_param_parser -isystem /opt/ros/jazzy/include/type_description_interfaces -isystem /opt/ros/jazzy/include/rcpputils -isystem /opt/ros/jazzy/include/statistics_msgs -isystem /opt/ros/jazzy/include/rosgraph_msgs -isystem /opt/ros/jazzy/include/rosidl_typesupport_cpp -isystem /opt/ros/jazzy/include/rosidl_typesupport_c -isystem /opt/ros/jazzy/include/tracetools -isystem /opt/ros/jazzy/include/std_msgs -isystem /opt/ros/jazzy/include -isystem /opt/ros/jazzy/include/parameter_traits -isystem /opt/ros/jazzy/include/rsl -isystem /opt/ros/jazzy/include/rclcpp_lifecycle -isystem /opt/ros/jazzy/include/lifecycle_msgs -isystem /opt/ros/jazzy/include/rcl_lifecycle -isystem /opt/ros/jazzy/include/moveit_ros_planning -isystem /opt/ros/jazzy/include/eigen_stl_containers -isystem /opt/ros/jazzy/include/pluginlib -isystem /opt/ros/jazzy/include/ament_index_cpp -isystem /opt/ros/jazzy/include/class_loader -isystem /opt/ros/jazzy/include/urdf -isystem /opt/ros/jazzy/include/urdfdom -isystem /opt/ros/jazzy/include/urdfdom_headers -isystem /opt/ros/jazzy/include/srdfdom -isystem /opt/ros/jazzy/include/visualization_msgs -isystem /opt/ros/jazzy/include/sensor_msgs -isystem /opt/ros/jazzy/include/tf2_eigen -isystem /opt/ros/jazzy/include/action_msgs -isystem /opt/ros/jazzy/include/unique_identifier_msgs -isystem /opt/ros/jazzy/include/rcl_action -isystem /opt/ros/jazzy/include/geometric_shapes -isystem /opt/ros/jazzy/include/resource_retriever -isystem /opt/ros/jazzy/include/shape_msgs -isystem /opt/ros/jazzy/include/angles -isystem /opt/ros/jazzy/include/object_recognition_msgs -isystem /opt/ros/jazzy/include/octomap_msgs -isystem /opt/ros/jazzy/include/trajectory_msgs -isystem /opt/ros/jazzy/include/kdl_parser -isystem /opt/ros/jazzy/include/moveit_ros_occupancy_map_monitor -isystem /opt/ros/jazzy/include/composition_interfaces -isystem /opt/ros/jazzy/include/moveit_ros_move_group -isystem /opt/ros/jazzy/include/std_srvs -isystem /opt/ros/jazzy/include/moveit_ros_warehouse -Wall -Wextra -Wpedantic -MD -MT CMakeFiles/robot_arm_ik_node.dir/src/pose.cpp.o -MF CMakeFiles/robot_arm_ik_node.dir/src/pose.cpp.o.d -o CMakeFiles/robot_arm_ik_node.dir/src/pose.cpp.o -c /home/saber/robox_ws/src/arm_description/src/pose.cpp
[0.484s] [ 97%] Built target arm_description_s__rosidl_typesupport_fastrtps_c
[0.484s] [ 97%] Built target arm_description_s__rosidl_typesupport_c
[0.484s] [ 97%] Built target arm_description_s__rosidl_typesupport_introspection_c
[0.589s] running egg_info
[0.617s] writing arm_description.egg-info/PKG-INFO
[0.617s] writing dependency_links to arm_description.egg-info/dependency_links.txt
[0.617s] writing top-level names to arm_description.egg-info/top_level.txt
[0.681s] reading manifest file 'arm_description.egg-info/SOURCES.txt'
[0.682s] writing manifest file 'arm_description.egg-info/SOURCES.txt'
[0.715s] gmake[2]: Leaving directory '/home/saber/robox_ws/build/arm_description'
[0.727s] [ 97%] Built target ament_cmake_python_build_arm_description_egg
[6.893s] [01m[K/home/saber/robox_ws/src/arm_description/src/pose.cpp:[m[K In constructor â€˜[01m[KGoToPoseServiceNode::[01;32m[KGoToPoseServiceNode[m[K()[m[Kâ€™:
[6.894s] [01m[K/home/saber/robox_ws/src/arm_description/src/pose.cpp:142:62:[m[K [01;31m[Kerror: [m[Kâ€˜[01m[Kclass GoToPoseServiceNode[m[Kâ€™ has no member named â€˜[01m[Kget_temporary_id[m[Kâ€™
[6.894s]   142 |         tf_buffer_ = std::make_shared<tf2_ros::Buffer>(this->[01;31m[Kget_temporary_id[m[K());
[6.894s]       |                                                              [01;31m[K^~~~~~~~~~~~~~~~[m[K
[6.895s] [01m[K/home/saber/robox_ws/src/arm_description/src/pose.cpp:146:37:[m[K [01;31m[Kerror: [m[Kclass template argument deduction failed:
[6.895s]   146 |                 std::shared_ptr(this[01;31m[K)[m[K, "arm");
[6.895s]       |                                     [01;31m[K^[m[K
[6.895s] [01m[K/home/saber/robox_ws/src/arm_description/src/pose.cpp:146:37:[m[K [01;31m[Kerror: [m[Kno matching function for call to â€˜[01m[Kshared_ptr(GoToPoseServiceNode*)[m[Kâ€™
[6.895s] In file included from [01m[K/usr/include/c++/13/memory:80[m[K,
[6.895s]                  from [01m[K/opt/ros/jazzy/include/geometry_msgs/geometry_msgs/msg/detail/pose_stamped__struct.hpp:13[m[K,
[6.895s]                  from [01m[K/opt/ros/jazzy/include/geometry_msgs/geometry_msgs/msg/pose_stamped.hpp:7[m[K,
[6.896s]                  from [01m[K/home/saber/robox_ws/src/arm_description/src/pose.cpp:1[m[K:
[6.896s] [01m[K/usr/include/c++/13/bits/shared_ptr.h:535:7:[m[K [01;36m[Knote: [m[Kcandidate: â€˜[01m[Ktemplate<class _Tp> [01;32m[Kshared_ptr[m[K(const std::weak_ptr<_Tp>&, std::nothrow_t)-> std::shared_ptr<_Tp>[m[Kâ€™
[6.896s]   535 |       [01;36m[Kshared_ptr[m[K(const weak_ptr<_Tp>& __r, std::nothrow_t) noexcept
[6.896s]       |       [01;36m[K^~~~~~~~~~[m[K
[6.896s] [01m[K/usr/include/c++/13/bits/shared_ptr.h:535:7:[m[K [01;36m[Knote: [m[K  template argument deduction/substitution failed:
[6.896s] [01m[K/home/saber/robox_ws/src/arm_description/src/pose.cpp:146:37:[m[K [01;36m[Knote: [m[K  mismatched types â€˜[01m[Kconst std::weak_ptr<_Tp>[m[Kâ€™ and â€˜[01m[KGoToPoseServiceNode*[m[Kâ€™
[6.896s]   146 |                 std::shared_ptr(this[01;36m[K)[m[K, "arm");
[6.896s]       |                                     [01;36m[K^[m[K
[6.896s] [01m[K/usr/include/c++/13/bits/shared_ptr.h:463:9:[m[K [01;36m[Knote: [m[Kcandidate: â€˜[01m[Ktemplate<class _Tp, class _Alloc, class ... _Args> [01;32m[Kshared_ptr[m[K(std::_Sp_alloc_shared_tag<_Alloc>, _Args&& ...)-> std::shared_ptr<_Tp>[m[Kâ€™
[6.896s]   463 |         [01;36m[Kshared_ptr[m[K(_Sp_alloc_shared_tag<_Alloc> __tag, _Args&&... __args)
[6.896s]       |         [01;36m[K^~~~~~~~~~[m[K
[6.896s] [01m[K/usr/include/c++/13/bits/shared_ptr.h:463:9:[m[K [01;36m[Knote: [m[K  template argument deduction/substitution failed:
[6.896s] [01m[K/home/saber/robox_ws/src/arm_description/src/pose.cpp:146:37:[m[K [01;36m[Knote: [m[K  mismatched types â€˜[01m[Kstd::_Sp_alloc_shared_tag<_Alloc>[m[Kâ€™ and â€˜[01m[KGoToPoseServiceNode*[m[Kâ€™
[6.897s]   146 |                 std::shared_ptr(this[01;36m[K)[m[K, "arm");
[6.897s]       |                                     [01;36m[K^[m[K
[6.897s] [01m[K/usr/include/c++/13/bits/shared_ptr.h:412:17:[m[K [01;36m[Knote: [m[Kcandidate: â€˜[01m[Ktemplate<class _Tp> [01;32m[Kshared_ptr[m[K(std::nullptr_t)-> std::shared_ptr<_Tp>[m[Kâ€™
[6.897s]   412 |       constexpr [01;36m[Kshared_ptr[m[K(nullptr_t) noexcept : shared_ptr() { }
[6.897s]       |                 [01;36m[K^~~~~~~~~~[m[K
[6.897s] [01m[K/usr/include/c++/13/bits/shared_ptr.h:412:17:[m[K [01;36m[Knote: [m[K  template argument deduction/substitution failed:
[6.897s] [01m[K/home/saber/robox_ws/src/arm_description/src/pose.cpp:146:37:[m[K [01;36m[Knote: [m[K  couldnâ€™t deduce template parameter â€˜[01m[K_Tp[m[Kâ€™
[6.897s]   146 |                 std::shared_ptr(this[01;36m[K)[m[K, "arm");
[6.897s]       |                                     [01;36m[K^[m[K
[6.897s] [01m[K/usr/include/c++/13/bits/shared_ptr.h:395:9:[m[K [01;36m[Knote: [m[Kcandidate: â€˜[01m[Ktemplate<class _Tp, class _Yp, class _Del, class> [01;32m[Kshared_ptr[m[K(std::unique_ptr<_Yp, _Del>&&)-> std::shared_ptr<_Tp>[m[Kâ€™
[6.897s]   395 |         [01;36m[Kshared_ptr[m[K(unique_ptr<_Yp, _Del>&& __r)
[6.897s]       |         [01;36m[K^~~~~~~~~~[m[K
[6.897s] [01m[K/usr/include/c++/13/bits/shared_ptr.h:395:9:[m[K [01;36m[Knote: [m[K  template argument deduction/substitution failed:
[6.898s] [01m[K/home/saber/robox_ws/src/arm_description/src/pose.cpp:146:37:[m[K [01;36m[Knote: [m[K  mismatched types â€˜[01m[Kstd::unique_ptr<_Yp, _Del>[m[Kâ€™ and â€˜[01m[KGoToPoseServiceNode*[m[Kâ€™
[6.898s]   146 |                 std::shared_ptr(this[01;36m[K)[m[K, "arm");
[6.898s]       |                                     [01;36m[K^[m[K
[6.898s] In file included from [01m[K/usr/include/c++/13/memory:86[m[K:
[6.898s] [01m[K/usr/include/c++/13/backward/auto_ptr.h:327:5:[m[K [01;36m[Knote: [m[Kcandidate: â€˜[01m[Ktemplate<class _Tp, class _Yp, class> [01;32m[Kshared_ptr[m[K(std::auto_ptr<_Yp>&&)-> std::shared_ptr<_Tp>[m[Kâ€™
[6.898s]   327 |     [01;36m[Kshared_ptr<_Tp>[m[K::shared_ptr(std::auto_ptr<_Tp1>&& __r)
[6.898s]       |     [01;36m[K^~~~~~~~~~~~~~~[m[K
[6.898s] [01m[K/usr/include/c++/13/backward/auto_ptr.h:327:5:[m[K [01;36m[Knote: [m[K  template argument deduction/substitution failed:
[6.898s] [01m[K/home/saber/robox_ws/src/arm_description/src/pose.cpp:146:37:[m[K [01;36m[Knote: [m[K  mismatched types â€˜[01m[Kstd::auto_ptr<_Yp>[m[Kâ€™ and â€˜[01m[KGoToPoseServiceNode*[m[Kâ€™
[6.898s]   146 |                 std::shared_ptr(this[01;36m[K)[m[K, "arm");
[6.898s]       |                                     [01;36m[K^[m[K
[6.898s] [01m[K/usr/include/c++/13/bits/shared_ptr.h:380:18:[m[K [01;36m[Knote: [m[Kcandidate: â€˜[01m[Ktemplate<class _Tp, class _Yp, class> [01;32m[Kshared_ptr[m[K(const std::weak_ptr<_Yp>&)-> std::shared_ptr<_Tp>[m[Kâ€™
[6.898s]   380 |         explicit [01;36m[Kshared_ptr[m[K(const weak_ptr<_Yp>& __r)
[6.898s]       |                  [01;36m[K^~~~~~~~~~[m[K
[6.898s] [01m[K/usr/include/c++/13/bits/shared_ptr.h:380:18:[m[K [01;36m[Knote: [m[K  template argument deduction/substitution failed:
[6.898s] [01m[K/home/saber/robox_ws/src/arm_description/src/pose.cpp:146:37:[m[K [01;36m[Knote: [m[K  mismatched types â€˜[01m[Kconst std::weak_ptr<_Yp>[m[Kâ€™ and â€˜[01m[KGoToPoseServiceNode*[m[Kâ€™
[6.898s]   146 |                 std::shared_ptr(this[01;36m[K)[m[K, "arm");
[6.898s]       |                                     [01;36m[K^[m[K
[6.899s] [01m[K/usr/include/c++/13/bits/shared_ptr.h:368:9:[m[K [01;36m[Knote: [m[Kcandidate: â€˜[01m[Ktemplate<class _Tp, class _Yp, class> [01;32m[Kshared_ptr[m[K(std::shared_ptr<_Tp>&&)-> std::shared_ptr<_Tp>[m[Kâ€™
[6.899s]   368 |         [01;36m[Kshared_ptr[m[K(shared_ptr<_Yp>&& __r) noexcept
[6.899s]       |         [01;36m[K^~~~~~~~~~[m[K
[6.899s] [01m[K/usr/include/c++/13/bits/shared_ptr.h:368:9:[m[K [01;36m[Knote: [m[K  template argument deduction/substitution failed:
[6.899s] [01m[K/home/saber/robox_ws/src/arm_description/src/pose.cpp:146:37:[m[K [01;36m[Knote: [m[K  mismatched types â€˜[01m[Kstd::shared_ptr<_Tp>[m[Kâ€™ and â€˜[01m[KGoToPoseServiceNode*[m[Kâ€™
[6.899s]   146 |                 std::shared_ptr(this[01;36m[K)[m[K, "arm");
[6.899s]       |                                     [01;36m[K^[m[K
[6.899s] [01m[K/usr/include/c++/13/bits/shared_ptr.h:359:7:[m[K [01;36m[Knote: [m[Kcandidate: â€˜[01m[Ktemplate<class _Tp> [01;32m[Kshared_ptr[m[K(std::shared_ptr<_Tp>&&)-> std::shared_ptr<_Tp>[m[Kâ€™
[6.899s]   359 |       [01;36m[Kshared_ptr[m[K(shared_ptr&& __r) noexcept
[6.899s]       |       [01;36m[K^~~~~~~~~~[m[K
[6.899s] [01m[K/usr/include/c++/13/bits/shared_ptr.h:359:7:[m[K [01;36m[Knote: [m[K  template argument deduction/substitution failed:
[6.899s] [01m[K/home/saber/robox_ws/src/arm_description/src/pose.cpp:146:37:[m[K [01;36m[Knote: [m[K  mismatched types â€˜[01m[Kstd::shared_ptr<_Tp>[m[Kâ€™ and â€˜[01m[KGoToPoseServiceNode*[m[Kâ€™
[6.899s]   146 |                 std::shared_ptr(this[01;36m[K)[m[K, "arm");
[6.899s]       |                                     [01;36m[K^[m[K
[6.899s] [01m[K/usr/include/c++/13/bits/shared_ptr.h:351:9:[m[K [01;36m[Knote: [m[Kcandidate: â€˜[01m[Ktemplate<class _Tp, class _Yp, class> [01;32m[Kshared_ptr[m[K(const std::shared_ptr<_Tp>&)-> std::shared_ptr<_Tp>[m[Kâ€™
[6.899s]   351 |         [01;36m[Kshared_ptr[m[K(const shared_ptr<_Yp>& __r) noexcept
[6.899s]       |         [01;36m[K^~~~~~~~~~[m[K
[6.899s] [01m[K/usr/include/c++/13/bits/shared_ptr.h:351:9:[m[K [01;36m[Knote: [m[K  template argument deduction/substitution failed:
[6.900s] [01m[K/home/saber/robox_ws/src/arm_description/src/pose.cpp:146:37:[m[K [01;36m[Knote: [m[K  mismatched types â€˜[01m[Kconst std::shared_ptr<_Tp>[m[Kâ€™ and â€˜[01m[KGoToPoseServiceNode*[m[Kâ€™
[6.900s]   146 |                 std::shared_ptr(this[01;36m[K)[m[K, "arm");
[6.900s]       |                                     [01;36m[K^[m[K
[6.900s] [01m[K/usr/include/c++/13/bits/shared_ptr.h:311:9:[m[K [01;36m[Knote: [m[Kcandidate: â€˜[01m[Ktemplate<class _Tp, class _Yp> [01;32m[Kshared_ptr[m[K(const std::shared_ptr<_Tp>&, typename std::__shared_ptr<_Tp>::element_type*)-> std::shared_ptr<_Tp>[m[Kâ€™
[6.900s]   311 |         [01;36m[Kshared_ptr[m[K(const shared_ptr<_Yp>& __r, element_type* __p) noexcept
[6.900s]       |         [01;36m[K^~~~~~~~~~[m[K
[6.900s] [01m[K/usr/include/c++/13/bits/shared_ptr.h:311:9:[m[K [01;36m[Knote: [m[K  template argument deduction/substitution failed:
[6.900s] [01m[K/home/saber/robox_ws/src/arm_description/src/pose.cpp:146:37:[m[K [01;36m[Knote: [m[K  mismatched types â€˜[01m[Kconst std::shared_ptr<_Tp>[m[Kâ€™ and â€˜[01m[KGoToPoseServiceNode*[m[Kâ€™
[6.900s]   146 |                 std::shared_ptr(this[01;36m[K)[m[K, "arm");
[6.900s]       |                                     [01;36m[K^[m[K
[6.900s] [01m[K/usr/include/c++/13/bits/shared_ptr.h:287:9:[m[K [01;36m[Knote: [m[Kcandidate: â€˜[01m[Ktemplate<class _Tp, class _Deleter, class _Alloc> [01;32m[Kshared_ptr[m[K(std::nullptr_t, _Deleter, _Alloc)-> std::shared_ptr<_Tp>[m[Kâ€™
[6.900s]   287 |         [01;36m[Kshared_ptr[m[K(nullptr_t __p, _Deleter __d, _Alloc __a)
[6.900s]       |         [01;36m[K^~~~~~~~~~[m[K
[6.900s] [01m[K/usr/include/c++/13/bits/shared_ptr.h:287:9:[m[K [01;36m[Knote: [m[K  template argument deduction/substitution failed:
[6.900s] [01m[K/home/saber/robox_ws/src/arm_description/src/pose.cpp:146:37:[m[K [01;36m[Knote: [m[K  candidate expects 3 arguments, 1 provided
[6.900s]   146 |                 std::shared_ptr(this[01;36m[K)[m[K, "arm");
[6.900s]       |                                     [01;36m[K^[m[K
[6.900s] [01m[K/usr/include/c++/13/bits/shared_ptr.h:268:9:[m[K [01;36m[Knote: [m[Kcandidate: â€˜[01m[Ktemplate<class _Tp, class _Yp, class _Deleter, class _Alloc, class> [01;32m[Kshared_ptr[m[K(_Yp*, _Deleter, _Alloc)-> std::shared_ptr<_Tp>[m[Kâ€™
[6.901s]   268 |         [01;36m[Kshared_ptr[m[K(_Yp* __p, _Deleter __d, _Alloc __a)
[6.901s]       |         [01;36m[K^~~~~~~~~~[m[K
[6.901s] [01m[K/usr/include/c++/13/bits/shared_ptr.h:268:9:[m[K [01;36m[Knote: [m[K  template argument deduction/substitution failed:
[6.901s] [01m[K/home/saber/robox_ws/src/arm_description/src/pose.cpp:146:37:[m[K [01;36m[Knote: [m[K  candidate expects 3 arguments, 1 provided
[6.901s]   146 |                 std::shared_ptr(this[01;36m[K)[m[K, "arm");
[6.901s]       |                                     [01;36m[K^[m[K
[6.901s] [01m[K/usr/include/c++/13/bits/shared_ptr.h:248:9:[m[K [01;36m[Knote: [m[Kcandidate: â€˜[01m[Ktemplate<class _Tp, class _Deleter> [01;32m[Kshared_ptr[m[K(std::nullptr_t, _Deleter)-> std::shared_ptr<_Tp>[m[Kâ€™
[6.901s]   248 |         [01;36m[Kshared_ptr[m[K(nullptr_t __p, _Deleter __d)
[6.901s]       |         [01;36m[K^~~~~~~~~~[m[K
[6.901s] [01m[K/usr/include/c++/13/bits/shared_ptr.h:248:9:[m[K [01;36m[Knote: [m[K  template argument deduction/substitution failed:
[6.901s] [01m[K/home/saber/robox_ws/src/arm_description/src/pose.cpp:146:37:[m[K [01;36m[Knote: [m[K  candidate expects 2 arguments, 1 provided
[6.901s]   146 |                 std::shared_ptr(this[01;36m[K)[m[K, "arm");
[6.901s]       |                                     [01;36m[K^[m[K
[6.901s] [01m[K/usr/include/c++/13/bits/shared_ptr.h:231:9:[m[K [01;36m[Knote: [m[Kcandidate: â€˜[01m[Ktemplate<class _Tp, class _Yp, class _Deleter, class> [01;32m[Kshared_ptr[m[K(_Yp*, _Deleter)-> std::shared_ptr<_Tp>[m[Kâ€™
[6.901s]   231 |         [01;36m[Kshared_ptr[m[K(_Yp* __p, _Deleter __d)
[6.901s]       |         [01;36m[K^~~~~~~~~~[m[K
[6.901s] [01m[K/usr/include/c++/13/bits/shared_ptr.h:231:9:[m[K [01;36m[Knote: [m[K  template argument deduction/substitution failed:
[6.902s] [01m[K/home/saber/robox_ws/src/arm_description/src/pose.cpp:146:37:[m[K [01;36m[Knote: [m[K  candidate expects 2 arguments, 1 provided
[6.902s]   146 |                 std::shared_ptr(this[01;36m[K)[m[K, "arm");
[6.902s]       |                                     [01;36m[K^[m[K
[6.902s] [01m[K/usr/include/c++/13/bits/shared_ptr.h:214:9:[m[K [01;36m[Knote: [m[Kcandidate: â€˜[01m[Ktemplate<class _Tp, class _Yp, class> [01;32m[Kshared_ptr[m[K(_Yp*)-> std::shared_ptr<_Tp>[m[Kâ€™
[6.902s]   214 |         [01;36m[Kshared_ptr[m[K(_Yp* __p) : __shared_ptr<_Tp>(__p) { }
[6.902s]       |         [01;36m[K^~~~~~~~~~[m[K
[6.902s] [01m[K/usr/include/c++/13/bits/shared_ptr.h:214:9:[m[K [01;36m[Knote: [m[K  template argument deduction/substitution failed:
[6.902s] [01m[K/home/saber/robox_ws/src/arm_description/src/pose.cpp:146:37:[m[K [01;36m[Knote: [m[K  couldnâ€™t deduce template parameter â€˜[01m[K_Tp[m[Kâ€™
[6.902s]   146 |                 std::shared_ptr(this[01;36m[K)[m[K, "arm");
[6.902s]       |                                     [01;36m[K^[m[K
[6.902s] [01m[K/usr/include/c++/13/bits/shared_ptr.h:204:7:[m[K [01;36m[Knote: [m[Kcandidate: â€˜[01m[Ktemplate<class _Tp> [01;32m[Kshared_ptr[m[K(const std::shared_ptr<_Tp>&)-> std::shared_ptr<_Tp>[m[Kâ€™
[6.902s]   204 |       [01;36m[Kshared_ptr[m[K(const shared_ptr&) noexcept = default; ///< Copy constructor
[6.902s]       |       [01;36m[K^~~~~~~~~~[m[K
[6.902s] [01m[K/usr/include/c++/13/bits/shared_ptr.h:204:7:[m[K [01;36m[Knote: [m[K  template argument deduction/substitution failed:
[6.902s] [01m[K/home/saber/robox_ws/src/arm_description/src/pose.cpp:146:37:[m[K [01;36m[Knote: [m[K  mismatched types â€˜[01m[Kconst std::shared_ptr<_Tp>[m[Kâ€™ and â€˜[01m[KGoToPoseServiceNode*[m[Kâ€™
[6.902s]   146 |                 std::shared_ptr(this[01;36m[K)[m[K, "arm");
[6.902s]       |                                     [01;36m[K^[m[K
[6.903s] [01m[K/usr/include/c++/13/bits/shared_ptr.h:202:17:[m[K [01;36m[Knote: [m[Kcandidate: â€˜[01m[Ktemplate<class _Tp> [01;32m[Kshared_ptr[m[K()-> std::shared_ptr<_Tp>[m[Kâ€™
[6.903s]   202 |       constexpr [01;36m[Kshared_ptr[m[K() noexcept : __shared_ptr<_Tp>() { }
[6.903s]       |                 [01;36m[K^~~~~~~~~~[m[K
[6.903s] [01m[K/usr/include/c++/13/bits/shared_ptr.h:202:17:[m[K [01;36m[Knote: [m[K  template argument deduction/substitution failed:
[6.903s] [01m[K/home/saber/robox_ws/src/arm_description/src/pose.cpp:146:37:[m[K [01;36m[Knote: [m[K  candidate expects 0 arguments, 1 provided
[6.903s]   146 |                 std::shared_ptr(this[01;36m[K)[m[K, "arm");
[6.903s]       |                                     [01;36m[K^[m[K
[6.903s] In file included from [01m[K/usr/include/c++/13/bits/shared_ptr.h:53[m[K:
[6.903s] [01m[K/usr/include/c++/13/bits/shared_ptr_base.h:395:11:[m[K [01;36m[Knote: [m[Kcandidate: â€˜[01m[Ktemplate<class _Tp> [01;32m[Kshared_ptr[m[K(std::shared_ptr<_Tp>)-> std::shared_ptr<_Tp>[m[Kâ€™
[6.903s]   395 |     class [01;36m[Kshared_ptr[m[K;
[6.903s]       |           [01;36m[K^~~~~~~~~~[m[K
[6.903s] [01m[K/usr/include/c++/13/bits/shared_ptr_base.h:395:11:[m[K [01;36m[Knote: [m[K  template argument deduction/substitution failed:
[6.903s] [01m[K/home/saber/robox_ws/src/arm_description/src/pose.cpp:146:37:[m[K [01;36m[Knote: [m[K  mismatched types â€˜[01m[Kstd::shared_ptr<_Tp>[m[Kâ€™ and â€˜[01m[KGoToPoseServiceNode*[m[Kâ€™
[6.903s]   146 |                 std::shared_ptr(this[01;36m[K)[m[K, "arm");
[6.903s]       |                                     [01;36m[K^[m[K
[6.903s] [01m[K/usr/include/c++/13/bits/shared_ptr.h:545:5:[m[K [01;36m[Knote: [m[Kcandidate: â€˜[01m[Ktemplate<class _Tp, class _Del> std::[01;32m[Kshared_ptr[m[K(unique_ptr<_Tp, _Dp>)-> shared_ptr<_Tp>[m[Kâ€™
[6.903s]   545 |     [01;36m[Kshared_ptr[m[K(unique_ptr<_Tp, _Del>) ->  shared_ptr<_Tp>;
[6.904s]       |     [01;36m[K^~~~~~~~~~[m[K
[6.904s] [01m[K/usr/include/c++/13/bits/shared_ptr.h:545:5:[m[K [01;36m[Knote: [m[K  template argument deduction/substitution failed:
[6.904s] [01m[K/home/saber/robox_ws/src/arm_description/src/pose.cpp:146:37:[m[K [01;36m[Knote: [m[K  mismatched types â€˜[01m[Kstd::unique_ptr<_Tp, _Dp>[m[Kâ€™ and â€˜[01m[KGoToPoseServiceNode*[m[Kâ€™
[6.904s]   146 |                 std::shared_ptr(this[01;36m[K)[m[K, "arm");
[6.904s]       |                                     [01;36m[K^[m[K
[6.904s] [01m[K/usr/include/c++/13/bits/shared_ptr.h:543:5:[m[K [01;36m[Knote: [m[Kcandidate: â€˜[01m[Ktemplate<class _Tp> std::[01;32m[Kshared_ptr[m[K(weak_ptr<_Tp>)-> shared_ptr<_Tp>[m[Kâ€™
[6.904s]   543 |     [01;36m[Kshared_ptr[m[K(weak_ptr<_Tp>) ->  shared_ptr<_Tp>;
[6.904s]       |     [01;36m[K^~~~~~~~~~[m[K
[6.904s] [01m[K/usr/include/c++/13/bits/shared_ptr.h:543:5:[m[K [01;36m[Knote: [m[K  template argument deduction/substitution failed:
[6.904s] [01m[K/home/saber/robox_ws/src/arm_description/src/pose.cpp:146:37:[m[K [01;36m[Knote: [m[K  mismatched types â€˜[01m[Kstd::weak_ptr<_Tp>[m[Kâ€™ and â€˜[01m[KGoToPoseServiceNode*[m[Kâ€™
[6.904s]   146 |                 std::shared_ptr(this[01;36m[K)[m[K, "arm");
[6.904s]       |                                     [01;36m[K^[m[K
[9.500s] gmake[2]: *** [CMakeFiles/robot_arm_ik_node.dir/build.make:79: CMakeFiles/robot_arm_ik_node.dir/src/pose.cpp.o] Error 1
[9.500s] gmake[2]: Leaving directory '/home/saber/robox_ws/build/arm_description'
[9.500s] gmake[1]: Leaving directory '/home/saber/robox_ws/build/arm_description'
[9.500s] gmake[1]: *** [CMakeFiles/Makefile2:629: CMakeFiles/robot_arm_ik_node.dir/all] Error 2
[9.500s] gmake: *** [Makefile:149: all] Error 2
[9.504s] Invoked command in '/home/saber/robox_ws/build/arm_description' returned '2': CMAKE_PREFIX_PATH=${CMAKE_PREFIX_PATH}:/home/saber/robox_ws/install/arduinobot_py_examples:/home/saber/arduinobot_ws/install/arduinobot_py_examples:/opt/ros/jazzy DEBUGINFOD_URLS=https://debuginfod.ubuntu.com /usr/bin/cmake --build /home/saber/robox_ws/build/arm_description -- -j16 -l16
