[01m[K/home/saber/robox_ws/src/arm_description/src/pose.cpp:[m[K In member function â€˜[01m[Kvoid CartesianPathNode::[01;32m[KexecuteCartesianPath[m[K()[m[Kâ€™:
[01m[K/home/saber/robox_ws/src/arm_description/src/pose.cpp:203:60:[m[K [01;35m[Kwarning: [m[Kâ€˜[01m[Kdouble moveit::planning_interface::MoveGroupInterface::[01;32m[KcomputeCartesianPath[m[K(const std::vector<geometry_msgs::msg::Pose_<std::allocator<void> > >&, double, double, moveit_msgs::msg::RobotTrajectory&, bool, moveit_msgs::msg::MoveItErrorCodes*)[m[Kâ€™ is deprecated: Drop jump_threshold [[01;35m[K]8;;https://gcc.gnu.org/onlinedocs/gcc/Warning-Options.html#index-Wdeprecated-declarations-Wdeprecated-declarations]8;;[m[K]
  203 |         double fraction = [01;35m[Kmove_group_->computeCartesianPath(waypoints, eef_step, jump_threshold, trajectory)[m[K;
      |                           [01;35m[K~~~~~~~~~~~~~~~~~~~~~~~~~~~~~~~~~^~~~~~~~~~~~~~~~~~~~~~~~~~~~~~~~~~~~~~~~~~~~~~~~~[m[K
In file included from [01m[K/home/saber/robox_ws/src/arm_description/src/pose.cpp:148[m[K:
[01m[K/home/saber/robox_ws/src/moveit2/moveit_ros/planning_interface/move_group_interface/include/moveit/move_group_interface/move_group_interface.hpp:765:3:[m[K [01;36m[Knote: [m[Kdeclared here
  765 |   [01;36m[KcomputeCartesianPath[m[K(const std::vector<geometry_msgs::msg::Pose>& waypoints, double eef_step,
      |   [01;36m[K^~~~~~~~~~~~~~~~~~~~[m[K
[01m[K/home/saber/robox_ws/src/arm_description/src/pose.cpp:210:18:[m[K [01;31m[Kerror: [m[Kâ€˜[01m[Kstruct moveit::planning_interface::MoveGroupInterface::Plan[m[Kâ€™ has no member named â€˜[01m[Ktrajectory_[m[Kâ€™; did you mean â€˜[01m[Ktrajectory[m[Kâ€™?
  210 |             plan.[01;31m[Ktrajectory_[m[K = trajectory;
      |                  [01;31m[K^~~~~~~~~~~[m[K
      |                  [32m[Ktrajectory[m[K
[01m[K/home/saber/robox_ws/src/arm_description/src/pose.cpp:212:41:[m[K [01;31m[Kerror: [m[Kâ€˜[01m[KMoveItErrorCode[m[Kâ€™ is not a member of â€˜[01m[Kmoveit::planning_interface[m[Kâ€™; did you mean â€˜[01m[Kmoveit::core::MoveItErrorCode[m[Kâ€™?
  212 |             moveit::planning_interface::[01;31m[KMoveItErrorCode[m[K result = move_group_->execute(plan);
      |                                         [01;31m[K^~~~~~~~~~~~~~~[m[K
In file included from [01m[K/home/saber/robox_ws/src/moveit2/moveit_ros/planning_interface/move_group_interface/include/moveit/move_group_interface/move_group_interface.hpp:42[m[K:
[01m[K/home/saber/robox_ws/src/moveit2/moveit_core/utils/include/moveit/utils/moveit_error_code.hpp:47:7:[m[K [01;36m[Knote: [m[Kâ€˜[01m[Kmoveit::core::MoveItErrorCode[m[Kâ€™ declared here
   47 | class [01;36m[KMoveItErrorCode[m[K : public moveit_msgs::msg::MoveItErrorCodes
      |       [01;36m[K^~~~~~~~~~~~~~~[m[K
[01m[K/home/saber/robox_ws/src/arm_description/src/pose.cpp:213:17:[m[K [01;31m[Kerror: [m[Kâ€˜[01m[Kresult[m[Kâ€™ was not declared in this scope
  213 |             if ([01;31m[Kresult[m[K == moveit::planning_interface::MoveItErrorCode::SUCCESS) {
      |                 [01;31m[K^~~~~~[m[K
[01m[K/home/saber/robox_ws/src/arm_description/src/pose.cpp:213:55:[m[K [01;31m[Kerror: [m[Kâ€˜[01m[Kmoveit::planning_interface::MoveItErrorCode[m[Kâ€™ has not been declared
  213 |             if (result == moveit::planning_interface::[01;31m[KMoveItErrorCode[m[K::SUCCESS) {
      |                                                       [01;31m[K^~~~~~~~~~~~~~~[m[K
gmake[2]: *** [CMakeFiles/robot_arm_ik_node.dir/build.make:79: CMakeFiles/robot_arm_ik_node.dir/src/pose.cpp.o] Error 1
gmake[1]: *** [CMakeFiles/Makefile2:629: CMakeFiles/robot_arm_ik_node.dir/all] Error 2
gmake: *** [Makefile:149: all] Error 2
