[0.013s] Invoking command in '/home/saber/robox_ws/build/arduino_arm_hardware_interface': CMAKE_PREFIX_PATH=${CMAKE_PREFIX_PATH}:/home/saber/robox_ws/install/moveit_configs_utils:/home/saber/robox_ws/install/arduinobot_py_examples:/opt/ros/jazzy DEBUGINFOD_URLS=https://debuginfod.ubuntu.com /usr/bin/cmake --build /home/saber/robox_ws/build/arduino_arm_hardware_interface -- -j16 -l16
[0.086s] -- Found ament_cmake: 2.5.4 (/opt/ros/jazzy/share/ament_cmake/cmake)
[0.284s] -- Found rclcpp: 28.1.9 (/opt/ros/jazzy/share/rclcpp/cmake)
[0.313s] -- Found rosidl_generator_c: 4.6.5 (/opt/ros/jazzy/share/rosidl_generator_c/cmake)
[0.321s] -- Found rosidl_generator_cpp: 4.6.5 (/opt/ros/jazzy/share/rosidl_generator_cpp/cmake)
[0.334s] -- Using all available rosidl_typesupport_c: rosidl_typesupport_fastrtps_c;rosidl_typesupport_introspection_c
[0.346s] -- Using all available rosidl_typesupport_cpp: rosidl_typesupport_fastrtps_cpp;rosidl_typesupport_introspection_cpp
[0.401s] -- Found rmw_implementation_cmake: 7.3.2 (/opt/ros/jazzy/share/rmw_implementation_cmake/cmake)
[0.402s] -- Found rmw_cyclonedds_cpp: 2.2.3 (/opt/ros/jazzy/share/rmw_cyclonedds_cpp/cmake)
[0.425s] -- Using RMW implementation 'rmw_cyclonedds_cpp' as default
[0.477s] -- Found hardware_interface: 4.29.0 (/opt/ros/jazzy/share/hardware_interface/cmake)
[0.631s] -- Found TinyXML2 via Config file: /usr/lib/x86_64-linux-gnu/cmake/tinyxml2
[0.771s] -- Configuring done (0.7s)
[0.801s] -- Generating done (0.0s)
[0.805s] -- Build files have been written to: /home/saber/robox_ws/build/arduino_arm_hardware_interface
[0.852s] [ 50%] [32mBuilding CXX object CMakeFiles/arduino_arm_system.dir/src/arduino_arm_system.cpp.o[0m
[1.298s] In file included from [01m[K/home/saber/robox_ws/src/arduino_arm_hardware_interface/src/arduino_arm_system.cpp:1[m[K:
[1.298s] [01m[K/home/saber/robox_ws/src/arduino_arm_hardware_interface/include/arduino_arm_hardware_interface/arduino_arm_system.hpp:11:10:[m[K [01;31m[Kfatal error: [m[Kserial/serial.h: No such file or directory
[1.298s]    11 | #include [01;31m[K<serial/serial.h>[m[K
[1.298s]       |          [01;31m[K^~~~~~~~~~~~~~~~~[m[K
[1.298s] compilation terminated.
[1.302s] gmake[2]: *** [CMakeFiles/arduino_arm_system.dir/build.make:76: CMakeFiles/arduino_arm_system.dir/src/arduino_arm_system.cpp.o] Error 1
[1.302s] gmake[1]: *** [CMakeFiles/Makefile2:137: CMakeFiles/arduino_arm_system.dir/all] Error 2
[1.302s] gmake: *** [Makefile:146: all] Error 2
[1.305s] Invoked command in '/home/saber/robox_ws/build/arduino_arm_hardware_interface' returned '2': CMAKE_PREFIX_PATH=${CMAKE_PREFIX_PATH}:/home/saber/robox_ws/install/moveit_configs_utils:/home/saber/robox_ws/install/arduinobot_py_examples:/opt/ros/jazzy DEBUGINFOD_URLS=https://debuginfod.ubuntu.com /usr/bin/cmake --build /home/saber/robox_ws/build/arduino_arm_hardware_interface -- -j16 -l16
