[01m[K/home/saber/robox_ws/src/arm_description/src/pose.cpp:[m[K In function â€˜[01m[Kint[01;32m[K main[m[K(int, char**)[m[Kâ€™:
[01m[K/home/saber/robox_ws/src/arm_description/src/pose.cpp:1489:31:[m[K [01;31m[Kerror: [m[Kâ€˜[01m[KMoveItErrorCode[m[Kâ€™ is not a member of â€˜[01m[Kmoveit::planning_interface[m[Kâ€™; did you mean â€˜[01m[Kmoveit::core::MoveItErrorCode[m[Kâ€™?
 1489 |   moveit::planning_interface::[01;31m[KMoveItErrorCode[m[K success = move_group->move();
      |                               [01;31m[K^~~~~~~~~~~~~~~[m[K
In file included from [01m[K/home/saber/robox_ws/src/moveit2/moveit_ros/planning_interface/move_group_interface/include/moveit/move_group_interface/move_group_interface.hpp:42[m[K,
                 from [01m[K/home/saber/robox_ws/src/arm_description/src/pose.cpp:1450[m[K:
[01m[K/home/saber/robox_ws/src/moveit2/moveit_core/utils/include/moveit/utils/moveit_error_code.hpp:47:7:[m[K [01;36m[Knote: [m[Kâ€˜[01m[Kmoveit::core::MoveItErrorCode[m[Kâ€™ declared here
   47 | class [01;36m[KMoveItErrorCode[m[K : public moveit_msgs::msg::MoveItErrorCodes
      |       [01;36m[K^~~~~~~~~~~~~~~[m[K
[01m[K/home/saber/robox_ws/src/arm_description/src/pose.cpp:1491:7:[m[K [01;31m[Kerror: [m[Kâ€˜[01m[Ksuccess[m[Kâ€™ was not declared in this scope; did you mean â€˜[01m[Keaccess[m[Kâ€™?
 1491 |   if ([01;31m[Ksuccess[m[K == moveit::planning_interface::MoveItErrorCode::SUCCESS) {
      |       [01;31m[K^~~~~~~[m[K
      |       [32m[Keaccess[m[K
[01m[K/home/saber/robox_ws/src/arm_description/src/pose.cpp:1491:46:[m[K [01;31m[Kerror: [m[Kâ€˜[01m[Kmoveit::planning_interface::MoveItErrorCode[m[Kâ€™ has not been declared
 1491 |   if (success == moveit::planning_interface::[01;31m[KMoveItErrorCode[m[K::SUCCESS) {
      |                                              [01;31m[K^~~~~~~~~~~~~~~[m[K
[01m[K/home/saber/robox_ws/src/arm_description/src/pose.cpp:1516:3:[m[K [01;31m[Kerror: [m[Kâ€˜[01m[Ksuccess[m[Kâ€™ was not declared in this scope; did you mean â€˜[01m[Keaccess[m[Kâ€™?
 1516 |   [01;31m[Ksuccess[m[K = move_group->plan(plan);
      |   [01;31m[K^~~~~~~[m[K
      |   [32m[Keaccess[m[K
[01m[K/home/saber/robox_ws/src/arm_description/src/pose.cpp:1518:46:[m[K [01;31m[Kerror: [m[Kâ€˜[01m[Kmoveit::planning_interface::MoveItErrorCode[m[Kâ€™ has not been declared
 1518 |   if (success == moveit::planning_interface::[01;31m[KMoveItErrorCode[m[K::SUCCESS) {
      |                                              [01;31m[K^~~~~~~~~~~~~~~[m[K
[01m[K/home/saber/robox_ws/src/arm_description/src/pose.cpp:1522:48:[m[K [01;31m[Kerror: [m[Kâ€˜[01m[Kmoveit::planning_interface::MoveItErrorCode[m[Kâ€™ has not been declared
 1522 |     if (success == moveit::planning_interface::[01;31m[KMoveItErrorCode[m[K::SUCCESS) {
      |                                                [01;31m[K^~~~~~~~~~~~~~~[m[K
[01m[K/home/saber/robox_ws/src/arm_description/src/pose.cpp:1539:46:[m[K [01;31m[Kerror: [m[Kâ€˜[01m[Kmoveit::planning_interface::MoveItErrorCode[m[Kâ€™ has not been declared
 1539 |   if (success == moveit::planning_interface::[01;31m[KMoveItErrorCode[m[K::SUCCESS) {
      |                                              [01;31m[K^~~~~~~~~~~~~~~[m[K
gmake[2]: *** [CMakeFiles/robot_arm_ik_node.dir/build.make:79: CMakeFiles/robot_arm_ik_node.dir/src/pose.cpp.o] Error 1
gmake[1]: *** [CMakeFiles/Makefile2:629: CMakeFiles/robot_arm_ik_node.dir/all] Error 2
gmake: *** [Makefile:149: all] Error 2
