[0.015s] Invoking command in '/home/saber/robox_ws/build/arduino_arm_hardware_interface': CMAKE_PREFIX_PATH=${CMAKE_PREFIX_PATH}:/home/saber/robox_ws/install/moveit_configs_utils:/home/saber/robox_ws/install/arduinobot_py_examples:/opt/ros/jazzy DEBUGINFOD_URLS=https://debuginfod.ubuntu.com /usr/bin/cmake --build /home/saber/robox_ws/build/arduino_arm_hardware_interface -- -j16 -l16
[0.073s] [ 50%] [32mBuilding CXX object CMakeFiles/arduino_arm_system.dir/src/arduino_arm_system.cpp.o[0m
[0.392s] In file included from [01m[K/home/saber/robox_ws/src/arduino_arm_hardware_interface/src/arduino_arm_system.cpp:1[m[K:
[0.392s] [01m[K/home/saber/robox_ws/src/arduino_arm_hardware_interface/include/arduino_arm_hardware_interface/arduino_arm_system.hpp:11:10:[m[K [01;31m[Kfatal error: [m[Kserial/SerialPort.h: No such file or directory
[0.392s]    11 | #include [01;31m[K<serial/SerialPort.h>[m[K
[0.392s]       |          [01;31m[K^~~~~~~~~~~~~~~~~~~~~[m[K
[0.392s] compilation terminated.
[0.396s] gmake[2]: *** [CMakeFiles/arduino_arm_system.dir/build.make:76: CMakeFiles/arduino_arm_system.dir/src/arduino_arm_system.cpp.o] Error 1
[0.396s] gmake[1]: *** [CMakeFiles/Makefile2:137: CMakeFiles/arduino_arm_system.dir/all] Error 2
[0.396s] gmake: *** [Makefile:146: all] Error 2
[0.398s] Invoked command in '/home/saber/robox_ws/build/arduino_arm_hardware_interface' returned '2': CMAKE_PREFIX_PATH=${CMAKE_PREFIX_PATH}:/home/saber/robox_ws/install/moveit_configs_utils:/home/saber/robox_ws/install/arduinobot_py_examples:/opt/ros/jazzy DEBUGINFOD_URLS=https://debuginfod.ubuntu.com /usr/bin/cmake --build /home/saber/robox_ws/build/arduino_arm_hardware_interface -- -j16 -l16
