[01m[K/home/saber/robox_ws/src/arm_description/src/pose.cpp:[m[K In constructor â€˜[01m[KRobotArmIKNode::[01;32m[KRobotArmIKNode[m[K()[m[Kâ€™:
[01m[K/home/saber/robox_ws/src/arm_description/src/pose.cpp:353:72:[m[K [01;31m[Kerror: [m[Kpassing â€˜[01m[Kstd::__shared_ptr_access<const planning_scene_monitor::PlanningSceneMonitor, __gnu_cxx::_S_atomic, false, false>::element_type[m[Kâ€™ {aka â€˜[01m[Kconst planning_scene_monitor::PlanningSceneMonitor[m[Kâ€™} as â€˜[01m[Kthis[m[Kâ€™ argument discards qualifiers [[01;31m[K]8;;https://gcc.gnu.org/onlinedocs/gcc/Warning-Options.html#index-fpermissive-fpermissive]8;;[m[K]
  353 |     [01;31m[Kmoveit_cpp_->getPlanningSceneMonitor()->providePlanningSceneService()[m[K;
      |     [01;31m[K~~~~~~~~~~~~~~~~~~~~~~~~~~~~~~~~~~~~~~~~~~~~~~~~~~~~~~~~~~~~~~~~~~~^~[m[K
In file included from [01m[K/home/saber/robox_ws/src/moveit2/moveit_ros/planning/moveit_cpp/include/moveit/moveit_cpp/moveit_cpp.hpp:44[m[K,
                 from [01m[K/home/saber/robox_ws/src/arm_description/src/pose.cpp:336[m[K:
[01m[K/home/saber/robox_ws/install/moveit_ros_planning/include/moveit_ros_planning/moveit/planning_scene_monitor/planning_scene_monitor.hpp:348:8:[m[K [01;36m[Knote: [m[K  in call to â€˜[01m[Kvoid planning_scene_monitor::PlanningSceneMonitor::[01;32m[KprovidePlanningSceneService[m[K(const std::string&)[m[Kâ€™
  348 |   void [01;36m[KprovidePlanningSceneService[m[K(const std::string& service_name = DEFAULT_PLANNING_SCENE_SERVICE);
      |        [01;36m[K^~~~~~~~~~~~~~~~~~~~~~~~~~~[m[K
[01m[K/home/saber/robox_ws/src/arm_description/src/pose.cpp:[m[K In member function â€˜[01m[Kvoid RobotArmIKNode::[01;32m[KplanToPose[m[K()[m[Kâ€™:
[01m[K/home/saber/robox_ws/src/arm_description/src/pose.cpp:383:23:[m[K [01;31m[Kerror: [m[Kâ€˜[01m[Kstruct planning_interface::MotionPlanResponse[m[Kâ€™ has no member named â€˜[01m[Kerror_code_[m[Kâ€™; did you mean â€˜[01m[Kerror_code[m[Kâ€™?
  383 |     if (plan_solution.[01;31m[Kerror_code_[m[K.val == moveit_msgs::msg::MoveItErrorCodes::SUCCESS)
      |                       [01;31m[K^~~~~~~~~~~[m[K
      |                       [32m[Kerror_code[m[K
gmake[2]: *** [CMakeFiles/robot_arm_ik_node.dir/build.make:79: CMakeFiles/robot_arm_ik_node.dir/src/pose.cpp.o] Error 1
gmake[1]: *** [CMakeFiles/Makefile2:629: CMakeFiles/robot_arm_ik_node.dir/all] Error 2
gmake: *** [Makefile:149: all] Error 2
