[33mCMake Warning:
  Manually-specified variables were not used by the project:

    CATKIN_INSTALL_INTO_PREFIX_ROOT

[0m
In file included from [01m[K/home/saber/robox_ws/src/arduino_arm_hardware_interface/src/arduino_arm_system.cpp:1[m[K:
[01m[K/home/saber/robox_ws/src/arduino_arm_hardware_interface/include/arduino_arm_hardware_interface/arduino_arm_system.hpp:5:10:[m[K [01;31m[Kfatal error: [m[Khardware_interface/types/hardware_interface_status_values.hpp: No such file or directory
    5 | #include [01;31m[K<hardware_interface/types/hardware_interface_status_values.hpp>[m[K
      |          [01;31m[K^~~~~~~~~~~~~~~~~~~~~~~~~~~~~~~~~~~~~~~~~~~~~~~~~~~~~~~~~~~~~~~[m[K
compilation terminated.
gmake[2]: *** [CMakeFiles/arduino_arm_system.dir/build.make:76: CMakeFiles/arduino_arm_system.dir/src/arduino_arm_system.cpp.o] Error 1
gmake[1]: *** [CMakeFiles/Makefile2:137: CMakeFiles/arduino_arm_system.dir/all] Error 2
gmake: *** [Makefile:146: all] Error 2
